<?xml version="1.0" encoding="UTF-8"?>
<testsuite xmlns:xsi="http://www.w3.org/2001/XMLSchema-instance" xsi:noNamespaceSchemaLocation="https://maven.apache.org/surefire/maven-failsafe-plugin/xsd/failsafe-test-report-3.0.xsd" version="3.0" name="Runner_File.TestSuite" time="53.527" tests="6" errors="0" skipped="0" failures="0">
  <properties>
[...]
</properties>
  <testcase name="Validate that the &apos;Phone number&apos; field is prefixed with +1 country code" classname="Validate login positive functionality" time="32.505">
    <system-out><![CDATA[10:35:12.244 [main] INFO  i.c.core.plugin.SerenityReporter - Running feature from file:///C:/Users/Admin/Downloads/MPH-IOS-main/src/test/resources/features/Login_positive_scenario.feature
10:35:12.510 [main] INFO   - 

-------------------------------------------------------------------------------------
     _______. _______ .______       _______ .__   __.  __  .___________.____    ____ 
    /       ||   ____||   _  \     |   ____||  \ |  | |  | |           |\   \  /   / 
   |   (----`|  |__   |  |_)  |    |  |__   |   \|  | |  | `---|  |----` \   \/   /  
    \   \    |   __|  |      /     |   __|  |  . `  | |  |     |  |       \_    _/   
.----)   |   |  |____ |  |\  \----.|  |____ |  |\   | |  |     |  |         |  |     
|_______/    |_______|| _| `._____||_______||__| \__| |__|     |__|         |__|    
                                                                                     
 News and tutorials at http://www.serenity-bdd.info                                  
 Documentation at https://wakaleo.gitbooks.io/the-serenity-book/content/             
 Join the Serenity Community on Gitter: https://gitter.im/serenity-bdd/serenity-core 
 Serenity BDD Support and Training at http://serenity-bdd.info/#/trainingandsupport  
-------------------------------------------------------------------------------------

10:35:12.514 [main] DEBUG n.thucydides.core.steps.StepEventBus - Test suite started for story net.thucydides.core.model.Story@a2b4f1b6
10:35:12.516 [main] INFO   - Test Suite Started: Validate login positive functionality

Scenario: Validate that the 'Phone number' field is prefixed with +1 country code &amp#27;[90m# src/test/resources/features/Login_positive_scenario.feature:4&amp#27;[0m
10:35:12.759 [main] INFO  i.c.core.plugin.SerenityReporter - Running feature from file:///C:/Users/Admin/Downloads/MPH-IOS-main/src/test/resources/features/Login_positive_scenario.feature
10:35:12.856 [main] INFO   - 
  _____   ___   ___   _____     ___   _____     _     ___   _____   ___   ___  
 |_   _| | __| / __| |_   _|   / __| |_   _|   /_\   | _ \ |_   _| | __| |   \ 
   | |   | _|  \__ \   | |     \__ \   | |    / _ \  |   /   | |   | _|  | |) |
   |_|   |___| |___/   |_|     |___/   |_|   /_/ \_\ |_|_\   |_|   |___| |___/ 

Validate that the 'Phone number' field is prefixed with +1 country code(validate-login-positive-functionality;validate-that-the--phone-number--field-is-prefixed-with-+1-country-code)
--------------------------------------------------------------------------------
10:35:12.936 [main] DEBUG n.t.c.r.m.cucumber.CucumberParser - Added feature Validation on Landing page
10:35:12.961 [main] DEBUG n.t.c.r.m.cucumber.CucumberParser - Added feature Validate login positive functionality
10:35:12.974 [main] DEBUG n.t.c.r.m.cucumber.CucumberParser - Added feature Validation on Sign Up Page negative test case
10:35:12.984 [main] DEBUG n.t.c.r.m.cucumber.CucumberParser - Added feature Validation on Sign Up Positive test cases
10:35:13.680 [main] WARN  i.t.s.i.r.inferrers.JUnitInferrer - Something is wrong... JUnit classes in stack but no annotated methods were found.
10:35:13.680 [main] INFO  i.t.s.i.r.i.ReportSettingsInferrer - Failed to infer Project and Job names, will use default 'Unnamed' values.
10:35:13.680 [main] INFO  i.t.sdk.internal.rest.AgentClient - Inferred [Unnamed Project] and [Unnamed Job] for Project and Job names accordingly.
10:35:13.680 [main] INFO  i.t.sdk.internal.rest.AgentClient - Using [https://localhost:8585] and [Unnamed Job] for Project and Job names accordingly.
10:35:13.680 [main] INFO  i.t.sdk.internal.rest.AgentClient - Initializing new session...
10:35:13.772 [main] DEBUG o.a.h.c.protocol.RequestAddCookies - CookieSpec selected: default
10:35:13.790 [main] DEBUG o.a.h.c.protocol.RequestAuthCache - Auth cache not set in the context
10:35:13.791 [main] DEBUG o.a.h.i.c.PoolingHttpClientConnectionManager - Connection request: [route: {}->http://localhost:8585][total kept alive: 0; route allocated: 0 of 2; total allocated: 0 of 20]
10:35:13.808 [main] DEBUG o.a.h.i.c.PoolingHttpClientConnectionManager - Connection leased: [id: 0][route: {}->http://localhost:8585][total kept alive: 0; route allocated: 1 of 2; total allocated: 1 of 20]
10:35:13.809 [main] DEBUG o.a.h.impl.execchain.MainClientExec - Opening connection {}->http://localhost:8585
10:35:13.819 [main] DEBUG o.a.h.i.c.DefaultHttpClientConnectionOperator - Connecting to localhost/127.0.0.1:8585
10:35:13.823 [main] DEBUG o.a.h.i.c.DefaultHttpClientConnectionOperator - Connection established 127.0.0.1:64517<->127.0.0.1:8585
10:35:13.823 [main] DEBUG o.a.h.i.c.DefaultManagedHttpClientConnection - http-outgoing-0: set socket timeout to 120000
10:35:13.823 [main] DEBUG o.a.h.impl.execchain.MainClientExec - Executing request POST /api/development/session HTTP/1.1
10:35:13.823 [main] DEBUG o.a.h.impl.execchain.MainClientExec - Proxy auth state: UNCHALLENGED
10:35:13.825 [main] DEBUG org.apache.http.headers - http-outgoing-0 >> POST /api/development/session HTTP/1.1
10:35:13.825 [main] DEBUG org.apache.http.headers - http-outgoing-0 >> Content-Length: 293
10:35:13.825 [main] DEBUG org.apache.http.headers - http-outgoing-0 >> Content-Type: application/json; charset=UTF-8
10:35:13.825 [main] DEBUG org.apache.http.headers - http-outgoing-0 >> Host: localhost:8585
10:35:13.825 [main] DEBUG org.apache.http.headers - http-outgoing-0 >> Connection: Keep-Alive
10:35:13.825 [main] DEBUG org.apache.http.headers - http-outgoing-0 >> User-Agent: Apache-HttpClient/4.5.9 (Java/11.0.11)
10:35:13.825 [main] DEBUG org.apache.http.headers - http-outgoing-0 >> Accept-Encoding: gzip,deflate
10:35:13.825 [main] DEBUG org.apache.http.headers - http-outgoing-0 >> Authorization: fHdacT69Ifkyd3lQ5OQCWjO_ZuQljpxJUSplQuaduoU
10:35:13.826 [main] DEBUG org.apache.http.headers - http-outgoing-0 >> Accept: application/json; charset=UTF-8
10:35:13.826 [main] DEBUG org.apache.http.wire - http-outgoing-0 >> "POST /api/development/session HTTP/1.1[\r][\n]"
10:35:13.826 [main] DEBUG org.apache.http.wire - http-outgoing-0 >> "Content-Length: 293[\r][\n]"
10:35:13.826 [main] DEBUG org.apache.http.wire - http-outgoing-0 >> "Content-Type: application/json; charset=UTF-8[\r][\n]"
10:35:13.826 [main] DEBUG org.apache.http.wire - http-outgoing-0 >> "Host: localhost:8585[\r][\n]"
10:35:13.826 [main] DEBUG org.apache.http.wire - http-outgoing-0 >> "Connection: Keep-Alive[\r][\n]"
10:35:13.826 [main] DEBUG org.apache.http.wire - http-outgoing-0 >> "User-Agent: Apache-HttpClient/4.5.9 (Java/11.0.11)[\r][\n]"
10:35:13.826 [main] DEBUG org.apache.http.wire - http-outgoing-0 >> "Accept-Encoding: gzip,deflate[\r][\n]"
10:35:13.826 [main] DEBUG org.apache.http.wire - http-outgoing-0 >> "Authorization: fHdacT69Ifkyd3lQ5OQCWjO_ZuQljpxJUSplQuaduoU[\r][\n]"
10:35:13.826 [main] DEBUG org.apache.http.wire - http-outgoing-0 >> "Accept: application/json; charset=UTF-8[\r][\n]"
10:35:13.826 [main] DEBUG org.apache.http.wire - http-outgoing-0 >> "[\r][\n]"
10:35:13.827 [main] DEBUG org.apache.http.wire - http-outgoing-0 >> "{"capabilities":{"bundleId":"com.mpoweredhealth.demo","platformName":"iOS","tp:guid":"42903116-283d-4fbe-8622-49369a852fd1","udid":"00008030-001D24A61E42402E"},"sdkVersion":"1.2.2","language":"Java","projectName":"https://localhost:8585","jobName":"Unnamed Job","reportType":"CLOUD_AND_LOCAL"}"
10:35:38.091 [main] DEBUG org.apache.http.wire - http-outgoing-0 << "HTTP/1.1 200 OK[\r][\n]"
10:35:38.091 [main] DEBUG org.apache.http.wire - http-outgoing-0 << "Date: Mon, 26 Jul 2021 05:05:14 GMT[\r][\n]"
10:35:38.092 [main] DEBUG org.apache.http.wire - http-outgoing-0 << "Cache-Control: private, no-cache, max-age=0[\r][\n]"
10:35:38.092 [main] DEBUG org.apache.http.wire - http-outgoing-0 << "Pragma: no-cache[\r][\n]"
10:35:38.092 [main] DEBUG org.apache.http.wire - http-outgoing-0 << "Expires: -1[\r][\n]"
10:35:38.093 [main] DEBUG org.apache.http.wire - http-outgoing-0 << "Content-Type: application/json;charset=utf-8[\r][\n]"
10:35:38.093 [main] DEBUG org.apache.http.wire - http-outgoing-0 << "Content-Length: 1031[\r][\n]"
10:35:38.093 [main] DEBUG org.apache.http.wire - http-outgoing-0 << "Server: Jetty(9.4.12.v20180830)[\r][\n]"
10:35:38.093 [main] DEBUG org.apache.http.wire - http-outgoing-0 << "[\r][\n]"
10:35:38.094 [main] DEBUG org.apache.http.wire - http-outgoing-0 << "{"localReport":"C:\\Users\\Admin\\AppData\\Roaming\\TestProject\\Agent\\reports\\20210726-103535.html","capabilities":{"ScaleFactor":2,"automationName":"XCuiTest","browserName":"","bundleId":"com.mpoweredhealth.demo","databaseEnabled":false,"deviceName":"iPhone","javascriptEnabled":true,"locationContextEnabled":false,"networkConnectionEnabled":false,"newCommandTimeout":0,"noReset":true,"platform":"MAC","platformName":"iOS","platformVersion":"14.6","realDevice":true,"simpleIsVisibleCheck":true,"skipDeviceDetect":true,"takesScreenshot":true,"tp:guid":"42903116-283d-4fbe-8622-49369a852fd1","udid":"00008030-001D24A61E42402E","useExternalWDA":true,"usePrebuiltWDA":true,"waitForQuiescence":false,"webDriverAgentUrl":"http://localhost:64584","webStorageEnabled":false},"dialect":"W3C","devSocketPort":64613,"serverAddress":"http://localhost:57000/wd/hub","localReportUrl":"http://localhost:8585/api/report/20210726-103535.html","sessionId":"bda52f93-c8aa-46ad-9143-5ca4335519d2","uuid":"vlbxkEIXQFSz6zLqCBy1gQ","version":"3.0.4"}"
10:35:38.098 [main] DEBUG org.apache.http.headers - http-outgoing-0 << HTTP/1.1 200 OK
10:35:38.098 [main] DEBUG org.apache.http.headers - http-outgoing-0 << Date: Mon, 26 Jul 2021 05:05:14 GMT
10:35:38.098 [main] DEBUG org.apache.http.headers - http-outgoing-0 << Cache-Control: private, no-cache, max-age=0
10:35:38.098 [main] DEBUG org.apache.http.headers - http-outgoing-0 << Pragma: no-cache
10:35:38.098 [main] DEBUG org.apache.http.headers - http-outgoing-0 << Expires: -1
10:35:38.099 [main] DEBUG org.apache.http.headers - http-outgoing-0 << Content-Type: application/json;charset=utf-8
10:35:38.099 [main] DEBUG org.apache.http.headers - http-outgoing-0 << Content-Length: 1031
10:35:38.099 [main] DEBUG org.apache.http.headers - http-outgoing-0 << Server: Jetty(9.4.12.v20180830)
10:35:38.116 [main] DEBUG o.a.h.impl.execchain.MainClientExec - Connection can be kept alive indefinitely
10:35:38.121 [main] DEBUG o.a.h.i.c.PoolingHttpClientConnectionManager - Connection [id: 0][route: {}->http://localhost:8585] can be kept alive indefinitely
10:35:38.121 [main] DEBUG o.a.h.i.c.DefaultManagedHttpClientConnection - http-outgoing-0: set socket timeout to 0
10:35:38.121 [main] DEBUG o.a.h.i.c.PoolingHttpClientConnectionManager - Connection released: [id: 0][route: {}->http://localhost:8585][total kept alive: 1; route allocated: 1 of 2; total allocated: 1 of 20]
10:35:38.137 [main] INFO  i.t.sdk.internal.rest.AgentClient - Session [bda52f93-c8aa-46ad-9143-5ca4335519d2] initialized
10:35:38.165 [main] INFO  i.t.sdk.internal.rest.AgentClient - Report URL: http://localhost:8585/api/report/20210726-103535.html
10:35:38.195 [main] DEBUG i.t.sdk.internal.tcp.SocketManager - Development socket connected
10:35:38.704 [pool-2-thread-1] DEBUG o.a.h.c.protocol.RequestAddCookies - CookieSpec selected: default
10:35:38.714 [pool-2-thread-1] DEBUG o.a.h.c.protocol.RequestAuthCache - Auth cache not set in the context
10:35:38.715 [pool-2-thread-1] DEBUG o.a.h.i.c.PoolingHttpClientConnectionManager - Connection request: [route: {}->http://localhost:8585][total kept alive: 1; route allocated: 1 of 2; total allocated: 1 of 20]
10:35:38.715 [pool-2-thread-1] DEBUG o.a.h.i.c.PoolingHttpClientConnectionManager - Connection leased: [id: 0][route: {}->http://localhost:8585][total kept alive: 0; route allocated: 1 of 2; total allocated: 1 of 20]
10:35:38.715 [pool-2-thread-1] DEBUG o.a.h.i.c.DefaultManagedHttpClientConnection - http-outgoing-0: set socket timeout to 0
10:35:38.716 [pool-2-thread-1] DEBUG o.a.h.i.c.DefaultManagedHttpClientConnection - http-outgoing-0: set socket timeout to 5000
  &amp#27;[32mGiven &amp#27;[0m&amp#27;[32mLaunch the URL&amp#27;[0m                                                            &amp#27;[90m# Stepdefinitions.Login_positive_scenario.app_launching()&amp#27;[0m
10:35:38.716 [pool-2-thread-1] DEBUG o.a.h.impl.execchain.MainClientExec - Executing request POST /api/development/report/command HTTP/1.1
10:35:38.716 [pool-2-thread-1] DEBUG o.a.h.impl.execchain.MainClientExec - Proxy auth state: UNCHALLENGED
10:35:38.716 [pool-2-thread-1] DEBUG org.apache.http.headers - http-outgoing-0 >> POST /api/development/report/command HTTP/1.1
10:35:38.716 [pool-2-thread-1] DEBUG org.apache.http.headers - http-outgoing-0 >> Content-Length: 80
10:35:38.716 [pool-2-thread-1] DEBUG org.apache.http.headers - http-outgoing-0 >> Content-Type: application/json; charset=UTF-8
10:35:38.716 [pool-2-thread-1] DEBUG org.apache.http.headers - http-outgoing-0 >> Host: localhost:8585
10:35:38.716 [pool-2-thread-1] DEBUG org.apache.http.headers - http-outgoing-0 >> Connection: Keep-Alive
10:35:38.716 [pool-2-thread-1] DEBUG org.apache.http.headers - http-outgoing-0 >> User-Agent: Apache-HttpClient/4.5.9 (Java/11.0.11)
10:35:38.717 [pool-2-thread-1] DEBUG org.apache.http.headers - http-outgoing-0 >> Accept-Encoding: gzip,deflate
10:35:38.717 [pool-2-thread-1] DEBUG org.apache.http.headers - http-outgoing-0 >> Authorization: fHdacT69Ifkyd3lQ5OQCWjO_ZuQljpxJUSplQuaduoU
10:35:38.717 [pool-2-thread-1] DEBUG org.apache.http.headers - http-outgoing-0 >> Accept: application/json; charset=UTF-8
10:35:38.717 [pool-2-thread-1] DEBUG org.apache.http.wire - http-outgoing-0 >> "POST /api/development/report/command HTTP/1.1[\r][\n]"
10:35:38.717 [pool-2-thread-1] DEBUG org.apache.http.wire - http-outgoing-0 >> "Content-Length: 80[\r][\n]"
10:35:38.717 [pool-2-thread-1] DEBUG org.apache.http.wire - http-outgoing-0 >> "Content-Type: application/json; charset=UTF-8[\r][\n]"
10:35:38.717 [pool-2-thread-1] DEBUG org.apache.http.wire - http-outgoing-0 >> "Host: localhost:8585[\r][\n]"
10:35:38.717 [pool-2-thread-1] DEBUG org.apache.http.wire - http-outgoing-0 >> "Connection: Keep-Alive[\r][\n]"
10:35:38.717 [pool-2-thread-1] DEBUG org.apache.http.wire - http-outgoing-0 >> "User-Agent: Apache-HttpClient/4.5.9 (Java/11.0.11)[\r][\n]"
10:35:38.718 [pool-2-thread-1] DEBUG org.apache.http.wire - http-outgoing-0 >> "Accept-Encoding: gzip,deflate[\r][\n]"
10:35:38.718 [pool-2-thread-1] DEBUG org.apache.http.wire - http-outgoing-0 >> "Authorization: fHdacT69Ifkyd3lQ5OQCWjO_ZuQljpxJUSplQuaduoU[\r][\n]"
10:35:38.718 [pool-2-thread-1] DEBUG org.apache.http.wire - http-outgoing-0 >> "Accept: application/json; charset=UTF-8[\r][\n]"
10:35:38.718 [pool-2-thread-1] DEBUG org.apache.http.wire - http-outgoing-0 >> "[\r][\n]"
10:35:38.718 [pool-2-thread-1] DEBUG org.apache.http.wire - http-outgoing-0 >> "{"commandName":"setTimeout","commandParameters":{"implicit":5000},"passed":true}"
10:35:38.730 [pool-2-thread-1] DEBUG org.apache.http.wire - http-outgoing-0 << "HTTP/1.1 200 OK[\r][\n]"
10:35:38.730 [pool-2-thread-1] DEBUG org.apache.http.wire - http-outgoing-0 << "Date: Mon, 26 Jul 2021 05:05:38 GMT[\r][\n]"
10:35:38.730 [pool-2-thread-1] DEBUG org.apache.http.wire - http-outgoing-0 << "Cache-Control: private, no-cache, max-age=0[\r][\n]"
10:35:38.730 [pool-2-thread-1] DEBUG org.apache.http.wire - http-outgoing-0 << "Pragma: no-cache[\r][\n]"
10:35:38.730 [pool-2-thread-1] DEBUG org.apache.http.wire - http-outgoing-0 << "Expires: -1[\r][\n]"
10:35:38.730 [pool-2-thread-1] DEBUG org.apache.http.wire - http-outgoing-0 << "Content-Length: 0[\r][\n]"
10:35:38.730 [pool-2-thread-1] DEBUG org.apache.http.wire - http-outgoing-0 << "Server: Jetty(9.4.12.v20180830)[\r][\n]"
10:35:38.730 [pool-2-thread-1] DEBUG org.apache.http.wire - http-outgoing-0 << "[\r][\n]"
10:35:38.730 [pool-2-thread-1] DEBUG org.apache.http.headers - http-outgoing-0 << HTTP/1.1 200 OK
10:35:38.730 [pool-2-thread-1] DEBUG org.apache.http.headers - http-outgoing-0 << Date: Mon, 26 Jul 2021 05:05:38 GMT
10:35:38.731 [pool-2-thread-1] DEBUG org.apache.http.headers - http-outgoing-0 << Cache-Control: private, no-cache, max-age=0
10:35:38.731 [pool-2-thread-1] DEBUG org.apache.http.headers - http-outgoing-0 << Pragma: no-cache
10:35:38.731 [pool-2-thread-1] DEBUG org.apache.http.headers - http-outgoing-0 << Expires: -1
10:35:38.731 [pool-2-thread-1] DEBUG org.apache.http.headers - http-outgoing-0 << Content-Length: 0
10:35:38.731 [pool-2-thread-1] DEBUG org.apache.http.headers - http-outgoing-0 << Server: Jetty(9.4.12.v20180830)
10:35:38.731 [pool-2-thread-1] DEBUG o.a.h.impl.execchain.MainClientExec - Connection can be kept alive indefinitely
10:35:38.731 [pool-2-thread-1] DEBUG o.a.h.i.c.PoolingHttpClientConnectionManager - Connection [id: 0][route: {}->http://localhost:8585] can be kept alive indefinitely
10:35:38.731 [pool-2-thread-1] DEBUG o.a.h.i.c.DefaultManagedHttpClientConnection - http-outgoing-0: set socket timeout to 0
10:35:38.731 [pool-2-thread-1] DEBUG o.a.h.i.c.PoolingHttpClientConnectionManager - Connection released: [id: 0][route: {}->http://localhost:8585][total kept alive: 1; route allocated: 1 of 2; total allocated: 1 of 20]
10:35:38.765 [pool-2-thread-1] DEBUG o.a.h.c.protocol.RequestAddCookies - CookieSpec selected: default
10:35:38.765 [pool-2-thread-1] DEBUG o.a.h.c.protocol.RequestAuthCache - Auth cache not set in the context
10:35:38.765 [pool-2-thread-1] DEBUG o.a.h.i.c.PoolingHttpClientConnectionManager - Connection request: [route: {}->http://localhost:8585][total kept alive: 1; route allocated: 1 of 2; total allocated: 1 of 20]
10:35:38.766 [pool-2-thread-1] DEBUG o.a.h.i.c.PoolingHttpClientConnectionManager - Connection leased: [id: 0][route: {}->http://localhost:8585][total kept alive: 0; route allocated: 1 of 2; total allocated: 1 of 20]
10:35:38.766 [pool-2-thread-1] DEBUG o.a.h.i.c.DefaultManagedHttpClientConnection - http-outgoing-0: set socket timeout to 0
10:35:38.766 [pool-2-thread-1] DEBUG o.a.h.i.c.DefaultManagedHttpClientConnection - http-outgoing-0: set socket timeout to 5000
10:35:38.766 [pool-2-thread-1] DEBUG o.a.h.impl.execchain.MainClientExec - Executing request POST /api/development/report/command HTTP/1.1
10:35:38.766 [pool-2-thread-1] DEBUG o.a.h.impl.execchain.MainClientExec - Proxy auth state: UNCHALLENGED
10:35:38.766 [pool-2-thread-1] DEBUG org.apache.http.headers - http-outgoing-0 >> POST /api/development/report/command HTTP/1.1
10:35:38.766 [pool-2-thread-1] DEBUG org.apache.http.headers - http-outgoing-0 >> Content-Length: 80
10:35:38.766 [pool-2-thread-1] DEBUG org.apache.http.headers - http-outgoing-0 >> Content-Type: application/json; charset=UTF-8
10:35:38.766 [pool-2-thread-1] DEBUG org.apache.http.headers - http-outgoing-0 >> Host: localhost:8585
10:35:38.766 [pool-2-thread-1] DEBUG org.apache.http.headers - http-outgoing-0 >> Connection: Keep-Alive
10:35:38.766 [pool-2-thread-1] DEBUG org.apache.http.headers - http-outgoing-0 >> User-Agent: Apache-HttpClient/4.5.9 (Java/11.0.11)
10:35:38.767 [pool-2-thread-1] DEBUG org.apache.http.headers - http-outgoing-0 >> Accept-Encoding: gzip,deflate
10:35:38.767 [pool-2-thread-1] DEBUG org.apache.http.headers - http-outgoing-0 >> Authorization: fHdacT69Ifkyd3lQ5OQCWjO_ZuQljpxJUSplQuaduoU
10:35:38.767 [pool-2-thread-1] DEBUG org.apache.http.headers - http-outgoing-0 >> Accept: application/json; charset=UTF-8
10:35:38.767 [pool-2-thread-1] DEBUG org.apache.http.wire - http-outgoing-0 >> "POST /api/development/report/command HTTP/1.1[\r][\n]"
10:35:38.767 [pool-2-thread-1] DEBUG org.apache.http.wire - http-outgoing-0 >> "Content-Length: 80[\r][\n]"
10:35:38.767 [pool-2-thread-1] DEBUG org.apache.http.wire - http-outgoing-0 >> "Content-Type: application/json; charset=UTF-8[\r][\n]"
10:35:38.767 [pool-2-thread-1] DEBUG org.apache.http.wire - http-outgoing-0 >> "Host: localhost:8585[\r][\n]"
10:35:38.767 [pool-2-thread-1] DEBUG org.apache.http.wire - http-outgoing-0 >> "Connection: Keep-Alive[\r][\n]"
10:35:38.767 [pool-2-thread-1] DEBUG org.apache.http.wire - http-outgoing-0 >> "User-Agent: Apache-HttpClient/4.5.9 (Java/11.0.11)[\r][\n]"
10:35:38.767 [pool-2-thread-1] DEBUG org.apache.http.wire - http-outgoing-0 >> "Accept-Encoding: gzip,deflate[\r][\n]"
10:35:38.767 [pool-2-thread-1] DEBUG org.apache.http.wire - http-outgoing-0 >> "Authorization: fHdacT69Ifkyd3lQ5OQCWjO_ZuQljpxJUSplQuaduoU[\r][\n]"
10:35:38.767 [pool-2-thread-1] DEBUG org.apache.http.wire - http-outgoing-0 >> "Accept: application/json; charset=UTF-8[\r][\n]"
10:35:38.767 [pool-2-thread-1] DEBUG org.apache.http.wire - http-outgoing-0 >> "[\r][\n]"
10:35:38.767 [pool-2-thread-1] DEBUG org.apache.http.wire - http-outgoing-0 >> "{"commandName":"setTimeout","commandParameters":{"implicit":2000},"passed":true}"
10:35:38.772 [pool-2-thread-1] DEBUG org.apache.http.wire - http-outgoing-0 << "HTTP/1.1 200 OK[\r][\n]"
10:35:38.772 [pool-2-thread-1] DEBUG org.apache.http.wire - http-outgoing-0 << "Date: Mon, 26 Jul 2021 05:05:38 GMT[\r][\n]"
10:35:38.772 [pool-2-thread-1] DEBUG org.apache.http.wire - http-outgoing-0 << "Cache-Control: private, no-cache, max-age=0[\r][\n]"
10:35:38.772 [pool-2-thread-1] DEBUG org.apache.http.wire - http-outgoing-0 << "Pragma: no-cache[\r][\n]"
10:35:38.772 [pool-2-thread-1] DEBUG org.apache.http.wire - http-outgoing-0 << "Expires: -1[\r][\n]"
10:35:38.772 [pool-2-thread-1] DEBUG org.apache.http.wire - http-outgoing-0 << "Content-Length: 0[\r][\n]"
10:35:38.772 [pool-2-thread-1] DEBUG org.apache.http.wire - http-outgoing-0 << "Server: Jetty(9.4.12.v20180830)[\r][\n]"
10:35:38.772 [pool-2-thread-1] DEBUG org.apache.http.wire - http-outgoing-0 << "[\r][\n]"
10:35:38.772 [pool-2-thread-1] DEBUG org.apache.http.headers - http-outgoing-0 << HTTP/1.1 200 OK
10:35:38.772 [pool-2-thread-1] DEBUG org.apache.http.headers - http-outgoing-0 << Date: Mon, 26 Jul 2021 05:05:38 GMT
10:35:38.773 [pool-2-thread-1] DEBUG org.apache.http.headers - http-outgoing-0 << Cache-Control: private, no-cache, max-age=0
10:35:38.773 [pool-2-thread-1] DEBUG org.apache.http.headers - http-outgoing-0 << Pragma: no-cache
10:35:38.773 [pool-2-thread-1] DEBUG org.apache.http.headers - http-outgoing-0 << Expires: -1
10:35:38.773 [pool-2-thread-1] DEBUG org.apache.http.headers - http-outgoing-0 << Content-Length: 0
10:35:38.773 [pool-2-thread-1] DEBUG org.apache.http.headers - http-outgoing-0 << Server: Jetty(9.4.12.v20180830)
10:35:38.773 [pool-2-thread-1] DEBUG o.a.h.impl.execchain.MainClientExec - Connection can be kept alive indefinitely
10:35:38.773 [pool-2-thread-1] DEBUG o.a.h.i.c.PoolingHttpClientConnectionManager - Connection [id: 0][route: {}->http://localhost:8585] can be kept alive indefinitely
10:35:38.773 [pool-2-thread-1] DEBUG o.a.h.i.c.DefaultManagedHttpClientConnection - http-outgoing-0: set socket timeout to 0
10:35:38.773 [pool-2-thread-1] DEBUG o.a.h.i.c.PoolingHttpClientConnectionManager - Connection released: [id: 0][route: {}->http://localhost:8585][total kept alive: 1; route allocated: 1 of 2; total allocated: 1 of 20]
10:35:39.049 [pool-2-thread-1] DEBUG o.a.h.c.protocol.RequestAddCookies - CookieSpec selected: default
10:35:39.049 [pool-2-thread-1] DEBUG o.a.h.c.protocol.RequestAuthCache - Auth cache not set in the context
10:35:39.049 [pool-2-thread-1] DEBUG o.a.h.i.c.PoolingHttpClientConnectionManager - Connection request: [route: {}->http://localhost:8585][total kept alive: 1; route allocated: 1 of 2; total allocated: 1 of 20]
10:35:39.049 [pool-2-thread-1] DEBUG o.a.h.i.c.PoolingHttpClientConnectionManager - Connection leased: [id: 0][route: {}->http://localhost:8585][total kept alive: 0; route allocated: 1 of 2; total allocated: 1 of 20]
10:35:39.049 [pool-2-thread-1] DEBUG o.a.h.i.c.DefaultManagedHttpClientConnection - http-outgoing-0: set socket timeout to 0
10:35:39.049 [pool-2-thread-1] DEBUG o.a.h.i.c.DefaultManagedHttpClientConnection - http-outgoing-0: set socket timeout to 5000
10:35:39.049 [pool-2-thread-1] DEBUG o.a.h.impl.execchain.MainClientExec - Executing request POST /api/development/report/command HTTP/1.1
10:35:39.049 [pool-2-thread-1] DEBUG o.a.h.impl.execchain.MainClientExec - Proxy auth state: UNCHALLENGED
10:35:39.050 [pool-2-thread-1] DEBUG org.apache.http.headers - http-outgoing-0 >> POST /api/development/report/command HTTP/1.1
10:35:39.050 [pool-2-thread-1] DEBUG org.apache.http.headers - http-outgoing-0 >> Content-Length: 281
10:35:39.050 [pool-2-thread-1] DEBUG org.apache.http.headers - http-outgoing-0 >> Content-Type: application/json; charset=UTF-8
10:35:39.050 [pool-2-thread-1] DEBUG org.apache.http.headers - http-outgoing-0 >> Host: localhost:8585
10:35:39.050 [pool-2-thread-1] DEBUG org.apache.http.headers - http-outgoing-0 >> Connection: Keep-Alive
10:35:39.050 [pool-2-thread-1] DEBUG org.apache.http.headers - http-outgoing-0 >> User-Agent: Apache-HttpClient/4.5.9 (Java/11.0.11)
10:35:39.050 [pool-2-thread-1] DEBUG org.apache.http.headers - http-outgoing-0 >> Accept-Encoding: gzip,deflate
10:35:39.050 [pool-2-thread-1] DEBUG org.apache.http.headers - http-outgoing-0 >> Authorization: fHdacT69Ifkyd3lQ5OQCWjO_ZuQljpxJUSplQuaduoU
10:35:39.050 [pool-2-thread-1] DEBUG org.apache.http.headers - http-outgoing-0 >> Accept: application/json; charset=UTF-8
10:35:39.050 [pool-2-thread-1] DEBUG org.apache.http.wire - http-outgoing-0 >> "POST /api/development/report/command HTTP/1.1[\r][\n]"
10:35:39.050 [pool-2-thread-1] DEBUG org.apache.http.wire - http-outgoing-0 >> "Content-Length: 281[\r][\n]"
10:35:39.051 [pool-2-thread-1] DEBUG org.apache.http.wire - http-outgoing-0 >> "Content-Type: application/json; charset=UTF-8[\r][\n]"
10:35:39.051 [pool-2-thread-1] DEBUG org.apache.http.wire - http-outgoing-0 >> "Host: localhost:8585[\r][\n]"
10:35:39.051 [pool-2-thread-1] DEBUG org.apache.http.wire - http-outgoing-0 >> "Connection: Keep-Alive[\r][\n]"
10:35:39.051 [pool-2-thread-1] DEBUG org.apache.http.wire - http-outgoing-0 >> "User-Agent: Apache-HttpClient/4.5.9 (Java/11.0.11)[\r][\n]"
10:35:39.051 [pool-2-thread-1] DEBUG org.apache.http.wire - http-outgoing-0 >> "Accept-Encoding: gzip,deflate[\r][\n]"
10:35:39.051 [pool-2-thread-1] DEBUG org.apache.http.wire - http-outgoing-0 >> "Authorization: fHdacT69Ifkyd3lQ5OQCWjO_ZuQljpxJUSplQuaduoU[\r][\n]"
10:35:39.051 [pool-2-thread-1] DEBUG org.apache.http.wire - http-outgoing-0 >> "Accept: application/json; charset=UTF-8[\r][\n]"
10:35:39.051 [pool-2-thread-1] DEBUG org.apache.http.wire - http-outgoing-0 >> "[\r][\n]"
10:35:39.051 [pool-2-thread-1] DEBUG org.apache.http.wire - http-outgoing-0 >> "{"commandName":"findElement","commandParameters":{"using":"xpath","value":"//XCUIElementTypeScrollView//XCUIElementTypeOther[2]"},"result":{"element-6066-11e4-a52e-4f735466cecf":"2B000000-0000-0000-EE6E-000000000000","ELEMENT":"2B000000-0000-0000-EE6E-000000000000"},"passed":true}"
10:35:39.115 [pool-2-thread-1] DEBUG org.apache.http.wire - http-outgoing-0 << "HTTP/1.1 200 OK[\r][\n]"
10:35:39.115 [pool-2-thread-1] DEBUG org.apache.http.wire - http-outgoing-0 << "Date: Mon, 26 Jul 2021 05:05:39 GMT[\r][\n]"
10:35:39.115 [pool-2-thread-1] DEBUG org.apache.http.wire - http-outgoing-0 << "Cache-Control: private, no-cache, max-age=0[\r][\n]"
10:35:39.116 [pool-2-thread-1] DEBUG org.apache.http.wire - http-outgoing-0 << "Pragma: no-cache[\r][\n]"
10:35:39.116 [pool-2-thread-1] DEBUG org.apache.http.wire - http-outgoing-0 << "Expires: -1[\r][\n]"
10:35:39.116 [pool-2-thread-1] DEBUG org.apache.http.wire - http-outgoing-0 << "Content-Length: 0[\r][\n]"
10:35:39.116 [pool-2-thread-1] DEBUG org.apache.http.wire - http-outgoing-0 << "Server: Jetty(9.4.12.v20180830)[\r][\n]"
10:35:39.116 [pool-2-thread-1] DEBUG org.apache.http.wire - http-outgoing-0 << "[\r][\n]"
10:35:39.117 [pool-2-thread-1] DEBUG org.apache.http.headers - http-outgoing-0 << HTTP/1.1 200 OK
10:35:39.117 [pool-2-thread-1] DEBUG org.apache.http.headers - http-outgoing-0 << Date: Mon, 26 Jul 2021 05:05:39 GMT
10:35:39.117 [pool-2-thread-1] DEBUG org.apache.http.headers - http-outgoing-0 << Cache-Control: private, no-cache, max-age=0
10:35:39.117 [pool-2-thread-1] DEBUG org.apache.http.headers - http-outgoing-0 << Pragma: no-cache
10:35:39.117 [pool-2-thread-1] DEBUG org.apache.http.headers - http-outgoing-0 << Expires: -1
10:35:39.118 [pool-2-thread-1] DEBUG org.apache.http.headers - http-outgoing-0 << Content-Length: 0
10:35:39.118 [pool-2-thread-1] DEBUG org.apache.http.headers - http-outgoing-0 << Server: Jetty(9.4.12.v20180830)
10:35:39.119 [pool-2-thread-1] DEBUG o.a.h.impl.execchain.MainClientExec - Connection can be kept alive indefinitely
10:35:39.119 [pool-2-thread-1] DEBUG o.a.h.i.c.PoolingHttpClientConnectionManager - Connection [id: 0][route: {}->http://localhost:8585] can be kept alive indefinitely
10:35:39.119 [pool-2-thread-1] DEBUG o.a.h.i.c.DefaultManagedHttpClientConnection - http-outgoing-0: set socket timeout to 0
10:35:39.119 [pool-2-thread-1] DEBUG o.a.h.i.c.PoolingHttpClientConnectionManager - Connection released: [id: 0][route: {}->http://localhost:8585][total kept alive: 1; route allocated: 1 of 2; total allocated: 1 of 20]
10:35:39.345 [pool-2-thread-1] DEBUG o.a.h.c.protocol.RequestAddCookies - CookieSpec selected: default
10:35:39.345 [pool-2-thread-1] DEBUG o.a.h.c.protocol.RequestAuthCache - Auth cache not set in the context
10:35:39.345 [pool-2-thread-1] DEBUG o.a.h.i.c.PoolingHttpClientConnectionManager - Connection request: [route: {}->http://localhost:8585][total kept alive: 1; route allocated: 1 of 2; total allocated: 1 of 20]
10:35:39.346 [pool-2-thread-1] DEBUG o.a.h.i.c.PoolingHttpClientConnectionManager - Connection leased: [id: 0][route: {}->http://localhost:8585][total kept alive: 0; route allocated: 1 of 2; total allocated: 1 of 20]
10:35:39.346 [pool-2-thread-1] DEBUG o.a.h.i.c.DefaultManagedHttpClientConnection - http-outgoing-0: set socket timeout to 0
10:35:39.346 [pool-2-thread-1] DEBUG o.a.h.i.c.DefaultManagedHttpClientConnection - http-outgoing-0: set socket timeout to 5000
10:35:39.346 [pool-2-thread-1] DEBUG o.a.h.impl.execchain.MainClientExec - Executing request POST /api/development/report/command HTTP/1.1
10:35:39.346 [pool-2-thread-1] DEBUG o.a.h.impl.execchain.MainClientExec - Proxy auth state: UNCHALLENGED
10:35:39.348 [pool-2-thread-1] DEBUG org.apache.http.headers - http-outgoing-0 >> POST /api/development/report/command HTTP/1.1
10:35:39.348 [pool-2-thread-1] DEBUG org.apache.http.headers - http-outgoing-0 >> Content-Length: 110
10:35:39.348 [pool-2-thread-1] DEBUG org.apache.http.headers - http-outgoing-0 >> Content-Type: application/json; charset=UTF-8
10:35:39.348 [pool-2-thread-1] DEBUG org.apache.http.headers - http-outgoing-0 >> Host: localhost:8585
10:35:39.348 [pool-2-thread-1] DEBUG org.apache.http.headers - http-outgoing-0 >> Connection: Keep-Alive
10:35:39.348 [pool-2-thread-1] DEBUG org.apache.http.headers - http-outgoing-0 >> User-Agent: Apache-HttpClient/4.5.9 (Java/11.0.11)
10:35:39.348 [pool-2-thread-1] DEBUG org.apache.http.headers - http-outgoing-0 >> Accept-Encoding: gzip,deflate
10:35:39.348 [pool-2-thread-1] DEBUG org.apache.http.headers - http-outgoing-0 >> Authorization: fHdacT69Ifkyd3lQ5OQCWjO_ZuQljpxJUSplQuaduoU
10:35:39.348 [pool-2-thread-1] DEBUG org.apache.http.headers - http-outgoing-0 >> Accept: application/json; charset=UTF-8
10:35:39.348 [pool-2-thread-1] DEBUG org.apache.http.wire - http-outgoing-0 >> "POST /api/development/report/command HTTP/1.1[\r][\n]"
10:35:39.348 [pool-2-thread-1] DEBUG org.apache.http.wire - http-outgoing-0 >> "Content-Length: 110[\r][\n]"
10:35:39.349 [pool-2-thread-1] DEBUG org.apache.http.wire - http-outgoing-0 >> "Content-Type: application/json; charset=UTF-8[\r][\n]"
10:35:39.350 [pool-2-thread-1] DEBUG org.apache.http.wire - http-outgoing-0 >> "Host: localhost:8585[\r][\n]"
10:35:39.350 [pool-2-thread-1] DEBUG org.apache.http.wire - http-outgoing-0 >> "Connection: Keep-Alive[\r][\n]"
10:35:39.350 [pool-2-thread-1] DEBUG org.apache.http.wire - http-outgoing-0 >> "User-Agent: Apache-HttpClient/4.5.9 (Java/11.0.11)[\r][\n]"
10:35:39.350 [pool-2-thread-1] DEBUG org.apache.http.wire - http-outgoing-0 >> "Accept-Encoding: gzip,deflate[\r][\n]"
10:35:39.350 [pool-2-thread-1] DEBUG org.apache.http.wire - http-outgoing-0 >> "Authorization: fHdacT69Ifkyd3lQ5OQCWjO_ZuQljpxJUSplQuaduoU[\r][\n]"
10:35:39.350 [pool-2-thread-1] DEBUG org.apache.http.wire - http-outgoing-0 >> "Accept: application/json; charset=UTF-8[\r][\n]"
10:35:39.351 [pool-2-thread-1] DEBUG org.apache.http.wire - http-outgoing-0 >> "[\r][\n]"
10:35:39.352 [pool-2-thread-1] DEBUG org.apache.http.wire - http-outgoing-0 >> "{"commandName":"clickElement","commandParameters":{"id":"2B000000-0000-0000-EE6E-000000000000"},"passed":true}"
10:35:39.360 [pool-2-thread-1] DEBUG org.apache.http.wire - http-outgoing-0 << "HTTP/1.1 200 OK[\r][\n]"
10:35:39.360 [pool-2-thread-1] DEBUG org.apache.http.wire - http-outgoing-0 << "Date: Mon, 26 Jul 2021 05:05:39 GMT[\r][\n]"
10:35:39.361 [pool-2-thread-1] DEBUG org.apache.http.wire - http-outgoing-0 << "Cache-Control: private, no-cache, max-age=0[\r][\n]"
10:35:39.361 [pool-2-thread-1] DEBUG org.apache.http.wire - http-outgoing-0 << "Pragma: no-cache[\r][\n]"
10:35:39.361 [pool-2-thread-1] DEBUG org.apache.http.wire - http-outgoing-0 << "Expires: -1[\r][\n]"
10:35:39.361 [pool-2-thread-1] DEBUG org.apache.http.wire - http-outgoing-0 << "Content-Length: 0[\r][\n]"
10:35:39.362 [pool-2-thread-1] DEBUG org.apache.http.wire - http-outgoing-0 << "Server: Jetty(9.4.12.v20180830)[\r][\n]"
10:35:39.362 [pool-2-thread-1] DEBUG org.apache.http.wire - http-outgoing-0 << "[\r][\n]"
10:35:39.362 [pool-2-thread-1] DEBUG org.apache.http.headers - http-outgoing-0 << HTTP/1.1 200 OK
10:35:39.363 [pool-2-thread-1] DEBUG org.apache.http.headers - http-outgoing-0 << Date: Mon, 26 Jul 2021 05:05:39 GMT
10:35:39.363 [pool-2-thread-1] DEBUG org.apache.http.headers - http-outgoing-0 << Cache-Control: private, no-cache, max-age=0
10:35:39.363 [pool-2-thread-1] DEBUG org.apache.http.headers - http-outgoing-0 << Pragma: no-cache
10:35:39.363 [pool-2-thread-1] DEBUG org.apache.http.headers - http-outgoing-0 << Expires: -1
10:35:39.363 [pool-2-thread-1] DEBUG org.apache.http.headers - http-outgoing-0 << Content-Length: 0
10:35:39.363 [pool-2-thread-1] DEBUG org.apache.http.headers - http-outgoing-0 << Server: Jetty(9.4.12.v20180830)
10:35:39.364 [pool-2-thread-1] DEBUG o.a.h.impl.execchain.MainClientExec - Connection can be kept alive indefinitely
10:35:39.364 [pool-2-thread-1] DEBUG o.a.h.i.c.PoolingHttpClientConnectionManager - Connection [id: 0][route: {}->http://localhost:8585] can be kept alive indefinitely
10:35:39.365 [pool-2-thread-1] DEBUG o.a.h.i.c.DefaultManagedHttpClientConnection - http-outgoing-0: set socket timeout to 0
10:35:39.365 [pool-2-thread-1] DEBUG o.a.h.i.c.PoolingHttpClientConnectionManager - Connection released: [id: 0][route: {}->http://localhost:8585][total kept alive: 1; route allocated: 1 of 2; total allocated: 1 of 20]
10:35:40.356 [pool-2-thread-1] DEBUG o.a.h.c.protocol.RequestAddCookies - CookieSpec selected: default
10:35:40.357 [pool-2-thread-1] DEBUG o.a.h.c.protocol.RequestAuthCache - Auth cache not set in the context
10:35:40.357 [pool-2-thread-1] DEBUG o.a.h.i.c.PoolingHttpClientConnectionManager - Connection request: [route: {}->http://localhost:8585][total kept alive: 1; route allocated: 1 of 2; total allocated: 1 of 20]
10:35:40.357 [pool-2-thread-1] DEBUG o.a.h.i.c.PoolingHttpClientConnectionManager - Connection leased: [id: 0][route: {}->http://localhost:8585][total kept alive: 0; route allocated: 1 of 2; total allocated: 1 of 20]
10:35:40.357 [pool-2-thread-1] DEBUG o.a.h.i.c.DefaultManagedHttpClientConnection - http-outgoing-0: set socket timeout to 0
10:35:40.358 [pool-2-thread-1] DEBUG o.a.h.i.c.DefaultManagedHttpClientConnection - http-outgoing-0: set socket timeout to 5000
10:35:40.358 [pool-2-thread-1] DEBUG o.a.h.impl.execchain.MainClientExec - Executing request POST /api/development/report/command HTTP/1.1
10:35:40.358 [pool-2-thread-1] DEBUG o.a.h.impl.execchain.MainClientExec - Proxy auth state: UNCHALLENGED
10:35:40.358 [pool-2-thread-1] DEBUG org.apache.http.headers - http-outgoing-0 >> POST /api/development/report/command HTTP/1.1
10:35:40.359 [pool-2-thread-1] DEBUG org.apache.http.headers - http-outgoing-0 >> Content-Length: 276
10:35:40.359 [pool-2-thread-1] DEBUG org.apache.http.headers - http-outgoing-0 >> Content-Type: application/json; charset=UTF-8
10:35:40.359 [pool-2-thread-1] DEBUG org.apache.http.headers - http-outgoing-0 >> Host: localhost:8585
10:35:40.359 [pool-2-thread-1] DEBUG org.apache.http.headers - http-outgoing-0 >> Connection: Keep-Alive
10:35:40.359 [pool-2-thread-1] DEBUG org.apache.http.headers - http-outgoing-0 >> User-Agent: Apache-HttpClient/4.5.9 (Java/11.0.11)
10:35:40.359 [pool-2-thread-1] DEBUG org.apache.http.headers - http-outgoing-0 >> Accept-Encoding: gzip,deflate
10:35:40.359 [pool-2-thread-1] DEBUG org.apache.http.headers - http-outgoing-0 >> Authorization: fHdacT69Ifkyd3lQ5OQCWjO_ZuQljpxJUSplQuaduoU
10:35:40.360 [pool-2-thread-1] DEBUG org.apache.http.headers - http-outgoing-0 >> Accept: application/json; charset=UTF-8
10:35:40.360 [pool-2-thread-1] DEBUG org.apache.http.wire - http-outgoing-0 >> "POST /api/development/report/command HTTP/1.1[\r][\n]"
10:35:40.360 [pool-2-thread-1] DEBUG org.apache.http.wire - http-outgoing-0 >> "Content-Length: 276[\r][\n]"
10:35:40.360 [pool-2-thread-1] DEBUG org.apache.http.wire - http-outgoing-0 >> "Content-Type: application/json; charset=UTF-8[\r][\n]"
10:35:40.360 [pool-2-thread-1] DEBUG org.apache.http.wire - http-outgoing-0 >> "Host: localhost:8585[\r][\n]"
10:35:40.360 [pool-2-thread-1] DEBUG org.apache.http.wire - http-outgoing-0 >> "Connection: Keep-Alive[\r][\n]"
10:35:40.360 [pool-2-thread-1] DEBUG org.apache.http.wire - http-outgoing-0 >> "User-Agent: Apache-HttpClient/4.5.9 (Java/11.0.11)[\r][\n]"
10:35:40.361 [pool-2-thread-1] DEBUG org.apache.http.wire - http-outgoing-0 >> "Accept-Encoding: gzip,deflate[\r][\n]"
10:35:40.361 [pool-2-thread-1] DEBUG org.apache.http.wire - http-outgoing-0 >> "Authorization: fHdacT69Ifkyd3lQ5OQCWjO_ZuQljpxJUSplQuaduoU[\r][\n]"
10:35:40.361 [pool-2-thread-1] DEBUG org.apache.http.wire - http-outgoing-0 >> "Accept: application/json; charset=UTF-8[\r][\n]"
10:35:40.361 [pool-2-thread-1] DEBUG org.apache.http.wire - http-outgoing-0 >> "[\r][\n]"
10:35:40.361 [pool-2-thread-1] DEBUG org.apache.http.wire - http-outgoing-0 >> "{"commandName":"findElement","commandParameters":{"using":"xpath","value":"//XCUIElementTypeOther[3]/XCUIElementTypeButton"},"result":{"element-6066-11e4-a52e-4f735466cecf":"7E240000-0000-0000-3C00-000000000000","ELEMENT":"7E240000-0000-0000-3C00-000000000000"},"passed":true}"
10:35:40.371 [pool-2-thread-1] DEBUG org.apache.http.wire - http-outgoing-0 << "HTTP/1.1 200 OK[\r][\n]"
10:35:40.372 [pool-2-thread-1] DEBUG org.apache.http.wire - http-outgoing-0 << "Date: Mon, 26 Jul 2021 05:05:40 GMT[\r][\n]"
10:35:40.372 [pool-2-thread-1] DEBUG org.apache.http.wire - http-outgoing-0 << "Cache-Control: private, no-cache, max-age=0[\r][\n]"
10:35:40.373 [pool-2-thread-1] DEBUG org.apache.http.wire - http-outgoing-0 << "Pragma: no-cache[\r][\n]"
10:35:40.373 [pool-2-thread-1] DEBUG org.apache.http.wire - http-outgoing-0 << "Expires: -1[\r][\n]"
10:35:40.373 [pool-2-thread-1] DEBUG org.apache.http.wire - http-outgoing-0 << "Content-Length: 0[\r][\n]"
10:35:40.373 [pool-2-thread-1] DEBUG org.apache.http.wire - http-outgoing-0 << "Server: Jetty(9.4.12.v20180830)[\r][\n]"
10:35:40.373 [pool-2-thread-1] DEBUG org.apache.http.wire - http-outgoing-0 << "[\r][\n]"
10:35:40.373 [pool-2-thread-1] DEBUG org.apache.http.headers - http-outgoing-0 << HTTP/1.1 200 OK
10:35:40.374 [pool-2-thread-1] DEBUG org.apache.http.headers - http-outgoing-0 << Date: Mon, 26 Jul 2021 05:05:40 GMT
10:35:40.374 [pool-2-thread-1] DEBUG org.apache.http.headers - http-outgoing-0 << Cache-Control: private, no-cache, max-age=0
10:35:40.374 [pool-2-thread-1] DEBUG org.apache.http.headers - http-outgoing-0 << Pragma: no-cache
10:35:40.374 [pool-2-thread-1] DEBUG org.apache.http.headers - http-outgoing-0 << Expires: -1
10:35:40.374 [pool-2-thread-1] DEBUG org.apache.http.headers - http-outgoing-0 << Content-Length: 0
10:35:40.374 [pool-2-thread-1] DEBUG org.apache.http.headers - http-outgoing-0 << Server: Jetty(9.4.12.v20180830)
10:35:40.374 [pool-2-thread-1] DEBUG o.a.h.impl.execchain.MainClientExec - Connection can be kept alive indefinitely
10:35:40.375 [pool-2-thread-1] DEBUG o.a.h.i.c.PoolingHttpClientConnectionManager - Connection [id: 0][route: {}->http://localhost:8585] can be kept alive indefinitely
10:35:40.375 [pool-2-thread-1] DEBUG o.a.h.i.c.DefaultManagedHttpClientConnection - http-outgoing-0: set socket timeout to 0
10:35:40.375 [pool-2-thread-1] DEBUG o.a.h.i.c.PoolingHttpClientConnectionManager - Connection released: [id: 0][route: {}->http://localhost:8585][total kept alive: 1; route allocated: 1 of 2; total allocated: 1 of 20]
10:35:40.670 [pool-2-thread-1] DEBUG o.a.h.c.protocol.RequestAddCookies - CookieSpec selected: default
10:35:40.670 [pool-2-thread-1] DEBUG o.a.h.c.protocol.RequestAuthCache - Auth cache not set in the context
10:35:40.670 [pool-2-thread-1] DEBUG o.a.h.i.c.PoolingHttpClientConnectionManager - Connection request: [route: {}->http://localhost:8585][total kept alive: 1; route allocated: 1 of 2; total allocated: 1 of 20]
10:35:40.670 [pool-2-thread-1] DEBUG o.a.h.i.c.PoolingHttpClientConnectionManager - Connection leased: [id: 0][route: {}->http://localhost:8585][total kept alive: 0; route allocated: 1 of 2; total allocated: 1 of 20]
10:35:40.670 [pool-2-thread-1] DEBUG o.a.h.i.c.DefaultManagedHttpClientConnection - http-outgoing-0: set socket timeout to 0
10:35:40.670 [pool-2-thread-1] DEBUG o.a.h.i.c.DefaultManagedHttpClientConnection - http-outgoing-0: set socket timeout to 5000
10:35:40.670 [pool-2-thread-1] DEBUG o.a.h.impl.execchain.MainClientExec - Executing request POST /api/development/report/command HTTP/1.1
10:35:40.670 [pool-2-thread-1] DEBUG o.a.h.impl.execchain.MainClientExec - Proxy auth state: UNCHALLENGED
10:35:40.671 [pool-2-thread-1] DEBUG org.apache.http.headers - http-outgoing-0 >> POST /api/development/report/command HTTP/1.1
10:35:40.671 [pool-2-thread-1] DEBUG org.apache.http.headers - http-outgoing-0 >> Content-Length: 110
10:35:40.671 [pool-2-thread-1] DEBUG org.apache.http.headers - http-outgoing-0 >> Content-Type: application/json; charset=UTF-8
10:35:40.671 [pool-2-thread-1] DEBUG org.apache.http.headers - http-outgoing-0 >> Host: localhost:8585
10:35:40.671 [pool-2-thread-1] DEBUG org.apache.http.headers - http-outgoing-0 >> Connection: Keep-Alive
10:35:40.671 [pool-2-thread-1] DEBUG org.apache.http.headers - http-outgoing-0 >> User-Agent: Apache-HttpClient/4.5.9 (Java/11.0.11)
10:35:40.671 [pool-2-thread-1] DEBUG org.apache.http.headers - http-outgoing-0 >> Accept-Encoding: gzip,deflate
10:35:40.671 [pool-2-thread-1] DEBUG org.apache.http.headers - http-outgoing-0 >> Authorization: fHdacT69Ifkyd3lQ5OQCWjO_ZuQljpxJUSplQuaduoU
10:35:40.671 [pool-2-thread-1] DEBUG org.apache.http.headers - http-outgoing-0 >> Accept: application/json; charset=UTF-8
10:35:40.671 [pool-2-thread-1] DEBUG org.apache.http.wire - http-outgoing-0 >> "POST /api/development/report/command HTTP/1.1[\r][\n]"
10:35:40.671 [pool-2-thread-1] DEBUG org.apache.http.wire - http-outgoing-0 >> "Content-Length: 110[\r][\n]"
10:35:40.671 [pool-2-thread-1] DEBUG org.apache.http.wire - http-outgoing-0 >> "Content-Type: application/json; charset=UTF-8[\r][\n]"
10:35:40.671 [pool-2-thread-1] DEBUG org.apache.http.wire - http-outgoing-0 >> "Host: localhost:8585[\r][\n]"
10:35:40.671 [pool-2-thread-1] DEBUG org.apache.http.wire - http-outgoing-0 >> "Connection: Keep-Alive[\r][\n]"
10:35:40.672 [pool-2-thread-1] DEBUG org.apache.http.wire - http-outgoing-0 >> "User-Agent: Apache-HttpClient/4.5.9 (Java/11.0.11)[\r][\n]"
10:35:40.672 [pool-2-thread-1] DEBUG org.apache.http.wire - http-outgoing-0 >> "Accept-Encoding: gzip,deflate[\r][\n]"
10:35:40.672 [pool-2-thread-1] DEBUG org.apache.http.wire - http-outgoing-0 >> "Authorization: fHdacT69Ifkyd3lQ5OQCWjO_ZuQljpxJUSplQuaduoU[\r][\n]"
10:35:40.672 [pool-2-thread-1] DEBUG org.apache.http.wire - http-outgoing-0 >> "Accept: application/json; charset=UTF-8[\r][\n]"
10:35:40.672 [pool-2-thread-1] DEBUG org.apache.http.wire - http-outgoing-0 >> "[\r][\n]"
10:35:40.672 [pool-2-thread-1] DEBUG org.apache.http.wire - http-outgoing-0 >> "{"commandName":"clickElement","commandParameters":{"id":"7E240000-0000-0000-3C00-000000000000"},"passed":true}"
10:35:40.675 [pool-2-thread-1] DEBUG org.apache.http.wire - http-outgoing-0 << "HTTP/1.1 200 OK[\r][\n]"
10:35:40.675 [pool-2-thread-1] DEBUG org.apache.http.wire - http-outgoing-0 << "Date: Mon, 26 Jul 2021 05:05:40 GMT[\r][\n]"
10:35:40.675 [pool-2-thread-1] DEBUG org.apache.http.wire - http-outgoing-0 << "Cache-Control: private, no-cache, max-age=0[\r][\n]"
10:35:40.675 [pool-2-thread-1] DEBUG org.apache.http.wire - http-outgoing-0 << "Pragma: no-cache[\r][\n]"
10:35:40.675 [pool-2-thread-1] DEBUG org.apache.http.wire - http-outgoing-0 << "Expires: -1[\r][\n]"
10:35:40.675 [pool-2-thread-1] DEBUG org.apache.http.wire - http-outgoing-0 << "Content-Length: 0[\r][\n]"
10:35:40.675 [pool-2-thread-1] DEBUG org.apache.http.wire - http-outgoing-0 << "Server: Jetty(9.4.12.v20180830)[\r][\n]"
10:35:40.675 [pool-2-thread-1] DEBUG org.apache.http.wire - http-outgoing-0 << "[\r][\n]"
10:35:40.676 [pool-2-thread-1] DEBUG org.apache.http.headers - http-outgoing-0 << HTTP/1.1 200 OK
10:35:40.676 [pool-2-thread-1] DEBUG org.apache.http.headers - http-outgoing-0 << Date: Mon, 26 Jul 2021 05:05:40 GMT
10:35:40.676 [pool-2-thread-1] DEBUG org.apache.http.headers - http-outgoing-0 << Cache-Control: private, no-cache, max-age=0
10:35:40.676 [pool-2-thread-1] DEBUG org.apache.http.headers - http-outgoing-0 << Pragma: no-cache
10:35:40.676 [pool-2-thread-1] DEBUG org.apache.http.headers - http-outgoing-0 << Expires: -1
10:35:40.676 [pool-2-thread-1] DEBUG org.apache.http.headers - http-outgoing-0 << Content-Length: 0
10:35:40.676 [pool-2-thread-1] DEBUG org.apache.http.headers - http-outgoing-0 << Server: Jetty(9.4.12.v20180830)
10:35:40.676 [pool-2-thread-1] DEBUG o.a.h.impl.execchain.MainClientExec - Connection can be kept alive indefinitely
10:35:40.676 [pool-2-thread-1] DEBUG o.a.h.i.c.PoolingHttpClientConnectionManager - Connection [id: 0][route: {}->http://localhost:8585] can be kept alive indefinitely
10:35:40.677 [pool-2-thread-1] DEBUG o.a.h.i.c.DefaultManagedHttpClientConnection - http-outgoing-0: set socket timeout to 0
10:35:40.677 [pool-2-thread-1] DEBUG o.a.h.i.c.PoolingHttpClientConnectionManager - Connection released: [id: 0][route: {}->http://localhost:8585][total kept alive: 1; route allocated: 1 of 2; total allocated: 1 of 20]
  &amp#27;[32mWhen &amp#27;[0m&amp#27;[32mClicks on 'Login' button&amp#27;[0m                                                   &amp#27;[90m# Stepdefinitions.Login_positive_scenario.login()&amp#27;[0m
10:35:40.683 [pool-2-thread-1] DEBUG o.a.h.c.protocol.RequestAddCookies - CookieSpec selected: default
10:35:40.684 [pool-2-thread-1] DEBUG o.a.h.c.protocol.RequestAuthCache - Auth cache not set in the context
10:35:40.684 [pool-2-thread-1] DEBUG o.a.h.i.c.PoolingHttpClientConnectionManager - Connection request: [route: {}->http://localhost:8585][total kept alive: 1; route allocated: 1 of 2; total allocated: 1 of 20]
10:35:40.684 [pool-2-thread-1] DEBUG o.a.h.i.c.PoolingHttpClientConnectionManager - Connection leased: [id: 0][route: {}->http://localhost:8585][total kept alive: 0; route allocated: 1 of 2; total allocated: 1 of 20]
10:35:40.684 [pool-2-thread-1] DEBUG o.a.h.i.c.DefaultManagedHttpClientConnection - http-outgoing-0: set socket timeout to 0
10:35:40.684 [pool-2-thread-1] DEBUG o.a.h.i.c.DefaultManagedHttpClientConnection - http-outgoing-0: set socket timeout to 5000
10:35:40.684 [pool-2-thread-1] DEBUG o.a.h.impl.execchain.MainClientExec - Executing request POST /api/development/report/command HTTP/1.1
10:35:40.684 [pool-2-thread-1] DEBUG o.a.h.impl.execchain.MainClientExec - Proxy auth state: UNCHALLENGED
10:35:40.685 [pool-2-thread-1] DEBUG org.apache.http.headers - http-outgoing-0 >> POST /api/development/report/command HTTP/1.1
10:35:40.685 [pool-2-thread-1] DEBUG org.apache.http.headers - http-outgoing-0 >> Content-Length: 81
10:35:40.685 [pool-2-thread-1] DEBUG org.apache.http.headers - http-outgoing-0 >> Content-Type: application/json; charset=UTF-8
10:35:40.685 [pool-2-thread-1] DEBUG org.apache.http.headers - http-outgoing-0 >> Host: localhost:8585
10:35:40.685 [pool-2-thread-1] DEBUG org.apache.http.headers - http-outgoing-0 >> Connection: Keep-Alive
10:35:40.685 [pool-2-thread-1] DEBUG org.apache.http.headers - http-outgoing-0 >> User-Agent: Apache-HttpClient/4.5.9 (Java/11.0.11)
10:35:40.685 [pool-2-thread-1] DEBUG org.apache.http.headers - http-outgoing-0 >> Accept-Encoding: gzip,deflate
10:35:40.685 [pool-2-thread-1] DEBUG org.apache.http.headers - http-outgoing-0 >> Authorization: fHdacT69Ifkyd3lQ5OQCWjO_ZuQljpxJUSplQuaduoU
10:35:40.685 [pool-2-thread-1] DEBUG org.apache.http.headers - http-outgoing-0 >> Accept: application/json; charset=UTF-8
10:35:40.685 [pool-2-thread-1] DEBUG org.apache.http.wire - http-outgoing-0 >> "POST /api/development/report/command HTTP/1.1[\r][\n]"
10:35:40.685 [pool-2-thread-1] DEBUG org.apache.http.wire - http-outgoing-0 >> "Content-Length: 81[\r][\n]"
10:35:40.685 [pool-2-thread-1] DEBUG org.apache.http.wire - http-outgoing-0 >> "Content-Type: application/json; charset=UTF-8[\r][\n]"
10:35:40.685 [pool-2-thread-1] DEBUG org.apache.http.wire - http-outgoing-0 >> "Host: localhost:8585[\r][\n]"
10:35:40.685 [pool-2-thread-1] DEBUG org.apache.http.wire - http-outgoing-0 >> "Connection: Keep-Alive[\r][\n]"
10:35:40.686 [pool-2-thread-1] DEBUG org.apache.http.wire - http-outgoing-0 >> "User-Agent: Apache-HttpClient/4.5.9 (Java/11.0.11)[\r][\n]"
10:35:40.686 [pool-2-thread-1] DEBUG org.apache.http.wire - http-outgoing-0 >> "Accept-Encoding: gzip,deflate[\r][\n]"
10:35:40.686 [pool-2-thread-1] DEBUG org.apache.http.wire - http-outgoing-0 >> "Authorization: fHdacT69Ifkyd3lQ5OQCWjO_ZuQljpxJUSplQuaduoU[\r][\n]"
10:35:40.686 [pool-2-thread-1] DEBUG org.apache.http.wire - http-outgoing-0 >> "Accept: application/json; charset=UTF-8[\r][\n]"
10:35:40.686 [pool-2-thread-1] DEBUG org.apache.http.wire - http-outgoing-0 >> "[\r][\n]"
10:35:40.686 [pool-2-thread-1] DEBUG org.apache.http.wire - http-outgoing-0 >> "{"commandName":"setTimeout","commandParameters":{"implicit":30000},"passed":true}"
10:35:40.691 [pool-2-thread-1] DEBUG org.apache.http.wire - http-outgoing-0 << "HTTP/1.1 200 OK[\r][\n]"
10:35:40.692 [pool-2-thread-1] DEBUG org.apache.http.wire - http-outgoing-0 << "Date: Mon, 26 Jul 2021 05:05:40 GMT[\r][\n]"
10:35:40.693 [pool-2-thread-1] DEBUG org.apache.http.wire - http-outgoing-0 << "Cache-Control: private, no-cache, max-age=0[\r][\n]"
10:35:40.693 [pool-2-thread-1] DEBUG org.apache.http.wire - http-outgoing-0 << "Pragma: no-cache[\r][\n]"
10:35:40.693 [pool-2-thread-1] DEBUG org.apache.http.wire - http-outgoing-0 << "Expires: -1[\r][\n]"
10:35:40.693 [pool-2-thread-1] DEBUG org.apache.http.wire - http-outgoing-0 << "Content-Length: 0[\r][\n]"
10:35:40.693 [pool-2-thread-1] DEBUG org.apache.http.wire - http-outgoing-0 << "Server: Jetty(9.4.12.v20180830)[\r][\n]"
10:35:40.693 [pool-2-thread-1] DEBUG org.apache.http.wire - http-outgoing-0 << "[\r][\n]"
10:35:40.693 [pool-2-thread-1] DEBUG org.apache.http.headers - http-outgoing-0 << HTTP/1.1 200 OK
10:35:40.693 [pool-2-thread-1] DEBUG org.apache.http.headers - http-outgoing-0 << Date: Mon, 26 Jul 2021 05:05:40 GMT
10:35:40.693 [pool-2-thread-1] DEBUG org.apache.http.headers - http-outgoing-0 << Cache-Control: private, no-cache, max-age=0
10:35:40.693 [pool-2-thread-1] DEBUG org.apache.http.headers - http-outgoing-0 << Pragma: no-cache
10:35:40.693 [pool-2-thread-1] DEBUG org.apache.http.headers - http-outgoing-0 << Expires: -1
10:35:40.693 [pool-2-thread-1] DEBUG org.apache.http.headers - http-outgoing-0 << Content-Length: 0
10:35:40.693 [pool-2-thread-1] DEBUG org.apache.http.headers - http-outgoing-0 << Server: Jetty(9.4.12.v20180830)
10:35:40.693 [pool-2-thread-1] DEBUG o.a.h.impl.execchain.MainClientExec - Connection can be kept alive indefinitely
10:35:40.693 [pool-2-thread-1] DEBUG o.a.h.i.c.PoolingHttpClientConnectionManager - Connection [id: 0][route: {}->http://localhost:8585] can be kept alive indefinitely
10:35:40.693 [pool-2-thread-1] DEBUG o.a.h.i.c.DefaultManagedHttpClientConnection - http-outgoing-0: set socket timeout to 0
10:35:40.693 [pool-2-thread-1] DEBUG o.a.h.i.c.PoolingHttpClientConnectionManager - Connection released: [id: 0][route: {}->http://localhost:8585][total kept alive: 1; route allocated: 1 of 2; total allocated: 1 of 20]
10:35:44.857 [pool-2-thread-1] DEBUG o.a.h.c.protocol.RequestAddCookies - CookieSpec selected: default
10:35:44.857 [pool-2-thread-1] DEBUG o.a.h.c.protocol.RequestAuthCache - Auth cache not set in the context
10:35:44.857 [pool-2-thread-1] DEBUG o.a.h.i.c.PoolingHttpClientConnectionManager - Connection request: [route: {}->http://localhost:8585][total kept alive: 1; route allocated: 1 of 2; total allocated: 1 of 20]
10:35:44.872 [pool-2-thread-1] DEBUG org.apache.http.wire - http-outgoing-0 << "[read] I/O error: Read timed out"
10:35:44.873 [pool-2-thread-1] DEBUG o.a.h.i.c.PoolingHttpClientConnectionManager - Connection leased: [id: 0][route: {}->http://localhost:8585][total kept alive: 0; route allocated: 1 of 2; total allocated: 1 of 20]
10:35:44.873 [pool-2-thread-1] DEBUG o.a.h.i.c.DefaultManagedHttpClientConnection - http-outgoing-0: set socket timeout to 0
10:35:44.873 [pool-2-thread-1] DEBUG o.a.h.i.c.DefaultManagedHttpClientConnection - http-outgoing-0: set socket timeout to 5000
10:35:44.873 [pool-2-thread-1] DEBUG o.a.h.impl.execchain.MainClientExec - Executing request POST /api/development/report/command HTTP/1.1
10:35:44.873 [pool-2-thread-1] DEBUG o.a.h.impl.execchain.MainClientExec - Proxy auth state: UNCHALLENGED
10:35:44.873 [pool-2-thread-1] DEBUG org.apache.http.headers - http-outgoing-0 >> POST /api/development/report/command HTTP/1.1
10:35:44.873 [pool-2-thread-1] DEBUG org.apache.http.headers - http-outgoing-0 >> Content-Length: 280
10:35:44.873 [pool-2-thread-1] DEBUG org.apache.http.headers - http-outgoing-0 >> Content-Type: application/json; charset=UTF-8
10:35:44.873 [pool-2-thread-1] DEBUG org.apache.http.headers - http-outgoing-0 >> Host: localhost:8585
10:35:44.873 [pool-2-thread-1] DEBUG org.apache.http.headers - http-outgoing-0 >> Connection: Keep-Alive
10:35:44.874 [pool-2-thread-1] DEBUG org.apache.http.headers - http-outgoing-0 >> User-Agent: Apache-HttpClient/4.5.9 (Java/11.0.11)
10:35:44.874 [pool-2-thread-1] DEBUG org.apache.http.headers - http-outgoing-0 >> Accept-Encoding: gzip,deflate
10:35:44.874 [pool-2-thread-1] DEBUG org.apache.http.headers - http-outgoing-0 >> Authorization: fHdacT69Ifkyd3lQ5OQCWjO_ZuQljpxJUSplQuaduoU
10:35:44.874 [pool-2-thread-1] DEBUG org.apache.http.headers - http-outgoing-0 >> Accept: application/json; charset=UTF-8
10:35:44.874 [pool-2-thread-1] DEBUG org.apache.http.wire - http-outgoing-0 >> "POST /api/development/report/command HTTP/1.1[\r][\n]"
10:35:44.874 [pool-2-thread-1] DEBUG org.apache.http.wire - http-outgoing-0 >> "Content-Length: 280[\r][\n]"
10:35:44.874 [pool-2-thread-1] DEBUG org.apache.http.wire - http-outgoing-0 >> "Content-Type: application/json; charset=UTF-8[\r][\n]"
10:35:44.874 [pool-2-thread-1] DEBUG org.apache.http.wire - http-outgoing-0 >> "Host: localhost:8585[\r][\n]"
10:35:44.874 [pool-2-thread-1] DEBUG org.apache.http.wire - http-outgoing-0 >> "Connection: Keep-Alive[\r][\n]"
10:35:44.874 [pool-2-thread-1] DEBUG org.apache.http.wire - http-outgoing-0 >> "User-Agent: Apache-HttpClient/4.5.9 (Java/11.0.11)[\r][\n]"
10:35:44.874 [pool-2-thread-1] DEBUG org.apache.http.wire - http-outgoing-0 >> "Accept-Encoding: gzip,deflate[\r][\n]"
10:35:44.874 [pool-2-thread-1] DEBUG org.apache.http.wire - http-outgoing-0 >> "Authorization: fHdacT69Ifkyd3lQ5OQCWjO_ZuQljpxJUSplQuaduoU[\r][\n]"
10:35:44.874 [pool-2-thread-1] DEBUG org.apache.http.wire - http-outgoing-0 >> "Accept: application/json; charset=UTF-8[\r][\n]"
10:35:44.875 [pool-2-thread-1] DEBUG org.apache.http.wire - http-outgoing-0 >> "[\r][\n]"
10:35:44.875 [pool-2-thread-1] DEBUG org.apache.http.wire - http-outgoing-0 >> "{"commandName":"findElement","commandParameters":{"using":"xpath","value":"//XCUIElementTypeOther[4]/XCUIElementTypeStaticText"},"result":{"element-6066-11e4-a52e-4f735466cecf":"30000000-0000-0000-F16E-000000000000","ELEMENT":"30000000-0000-0000-F16E-000000000000"},"passed":true}"
10:35:44.879 [pool-2-thread-1] DEBUG org.apache.http.wire - http-outgoing-0 << "HTTP/1.1 200 OK[\r][\n]"
10:35:44.879 [pool-2-thread-1] DEBUG org.apache.http.wire - http-outgoing-0 << "Date: Mon, 26 Jul 2021 05:05:44 GMT[\r][\n]"
10:35:44.879 [pool-2-thread-1] DEBUG org.apache.http.wire - http-outgoing-0 << "Cache-Control: private, no-cache, max-age=0[\r][\n]"
10:35:44.879 [pool-2-thread-1] DEBUG org.apache.http.wire - http-outgoing-0 << "Pragma: no-cache[\r][\n]"
10:35:44.879 [pool-2-thread-1] DEBUG org.apache.http.wire - http-outgoing-0 << "Expires: -1[\r][\n]"
10:35:44.879 [pool-2-thread-1] DEBUG org.apache.http.wire - http-outgoing-0 << "Content-Length: 0[\r][\n]"
10:35:44.879 [pool-2-thread-1] DEBUG org.apache.http.wire - http-outgoing-0 << "Server: Jetty(9.4.12.v20180830)[\r][\n]"
10:35:44.879 [pool-2-thread-1] DEBUG org.apache.http.wire - http-outgoing-0 << "[\r][\n]"
10:35:44.879 [pool-2-thread-1] DEBUG org.apache.http.headers - http-outgoing-0 << HTTP/1.1 200 OK
10:35:44.879 [pool-2-thread-1] DEBUG org.apache.http.headers - http-outgoing-0 << Date: Mon, 26 Jul 2021 05:05:44 GMT
10:35:44.879 [pool-2-thread-1] DEBUG org.apache.http.headers - http-outgoing-0 << Cache-Control: private, no-cache, max-age=0
10:35:44.879 [pool-2-thread-1] DEBUG org.apache.http.headers - http-outgoing-0 << Pragma: no-cache
10:35:44.879 [pool-2-thread-1] DEBUG org.apache.http.headers - http-outgoing-0 << Expires: -1
10:35:44.879 [pool-2-thread-1] DEBUG org.apache.http.headers - http-outgoing-0 << Content-Length: 0
10:35:44.879 [pool-2-thread-1] DEBUG org.apache.http.headers - http-outgoing-0 << Server: Jetty(9.4.12.v20180830)
10:35:44.879 [pool-2-thread-1] DEBUG o.a.h.impl.execchain.MainClientExec - Connection can be kept alive indefinitely
10:35:44.879 [pool-2-thread-1] DEBUG o.a.h.i.c.PoolingHttpClientConnectionManager - Connection [id: 0][route: {}->http://localhost:8585] can be kept alive indefinitely
10:35:44.879 [pool-2-thread-1] DEBUG o.a.h.i.c.DefaultManagedHttpClientConnection - http-outgoing-0: set socket timeout to 0
10:35:44.879 [pool-2-thread-1] DEBUG o.a.h.i.c.PoolingHttpClientConnectionManager - Connection released: [id: 0][route: {}->http://localhost:8585][total kept alive: 1; route allocated: 1 of 2; total allocated: 1 of 20]
10:35:45.017 [pool-2-thread-1] DEBUG o.a.h.c.protocol.RequestAddCookies - CookieSpec selected: default
10:35:45.018 [pool-2-thread-1] DEBUG o.a.h.c.protocol.RequestAuthCache - Auth cache not set in the context
10:35:45.018 [pool-2-thread-1] DEBUG o.a.h.i.c.PoolingHttpClientConnectionManager - Connection request: [route: {}->http://localhost:8585][total kept alive: 1; route allocated: 1 of 2; total allocated: 1 of 20]
10:35:45.019 [pool-2-thread-1] DEBUG o.a.h.i.c.PoolingHttpClientConnectionManager - Connection leased: [id: 0][route: {}->http://localhost:8585][total kept alive: 0; route allocated: 1 of 2; total allocated: 1 of 20]
10:35:45.019 [pool-2-thread-1] DEBUG o.a.h.i.c.DefaultManagedHttpClientConnection - http-outgoing-0: set socket timeout to 0
10:35:45.019 [pool-2-thread-1] DEBUG o.a.h.i.c.DefaultManagedHttpClientConnection - http-outgoing-0: set socket timeout to 5000
10:35:45.019 [pool-2-thread-1] DEBUG o.a.h.impl.execchain.MainClientExec - Executing request POST /api/development/report/command HTTP/1.1
10:35:45.019 [pool-2-thread-1] DEBUG o.a.h.impl.execchain.MainClientExec - Proxy auth state: UNCHALLENGED
10:35:45.020 [pool-2-thread-1] DEBUG org.apache.http.headers - http-outgoing-0 >> POST /api/development/report/command HTTP/1.1
10:35:45.020 [pool-2-thread-1] DEBUG org.apache.http.headers - http-outgoing-0 >> Content-Length: 130
10:35:45.020 [pool-2-thread-1] DEBUG org.apache.http.headers - http-outgoing-0 >> Content-Type: application/json; charset=UTF-8
10:35:45.020 [pool-2-thread-1] DEBUG org.apache.http.headers - http-outgoing-0 >> Host: localhost:8585
10:35:45.020 [pool-2-thread-1] DEBUG org.apache.http.headers - http-outgoing-0 >> Connection: Keep-Alive
10:35:45.020 [pool-2-thread-1] DEBUG org.apache.http.headers - http-outgoing-0 >> User-Agent: Apache-HttpClient/4.5.9 (Java/11.0.11)
10:35:45.020 [pool-2-thread-1] DEBUG org.apache.http.headers - http-outgoing-0 >> Accept-Encoding: gzip,deflate
10:35:45.020 [pool-2-thread-1] DEBUG org.apache.http.headers - http-outgoing-0 >> Authorization: fHdacT69Ifkyd3lQ5OQCWjO_ZuQljpxJUSplQuaduoU
10:35:45.020 [pool-2-thread-1] DEBUG org.apache.http.headers - http-outgoing-0 >> Accept: application/json; charset=UTF-8
10:35:45.020 [pool-2-thread-1] DEBUG org.apache.http.wire - http-outgoing-0 >> "POST /api/development/report/command HTTP/1.1[\r][\n]"
10:35:45.021 [pool-2-thread-1] DEBUG org.apache.http.wire - http-outgoing-0 >> "Content-Length: 130[\r][\n]"
10:35:45.021 [pool-2-thread-1] DEBUG org.apache.http.wire - http-outgoing-0 >> "Content-Type: application/json; charset=UTF-8[\r][\n]"
10:35:45.021 [pool-2-thread-1] DEBUG org.apache.http.wire - http-outgoing-0 >> "Host: localhost:8585[\r][\n]"
10:35:45.021 [pool-2-thread-1] DEBUG org.apache.http.wire - http-outgoing-0 >> "Connection: Keep-Alive[\r][\n]"
10:35:45.021 [pool-2-thread-1] DEBUG org.apache.http.wire - http-outgoing-0 >> "User-Agent: Apache-HttpClient/4.5.9 (Java/11.0.11)[\r][\n]"
10:35:45.021 [pool-2-thread-1] DEBUG org.apache.http.wire - http-outgoing-0 >> "Accept-Encoding: gzip,deflate[\r][\n]"
10:35:45.021 [pool-2-thread-1] DEBUG org.apache.http.wire - http-outgoing-0 >> "Authorization: fHdacT69Ifkyd3lQ5OQCWjO_ZuQljpxJUSplQuaduoU[\r][\n]"
10:35:45.021 [pool-2-thread-1] DEBUG org.apache.http.wire - http-outgoing-0 >> "Accept: application/json; charset=UTF-8[\r][\n]"
10:35:45.021 [pool-2-thread-1] DEBUG org.apache.http.wire - http-outgoing-0 >> "[\r][\n]"
10:35:45.021 [pool-2-thread-1] DEBUG org.apache.http.wire - http-outgoing-0 >> "{"commandName":"isElementDisplayed","commandParameters":{"id":"30000000-0000-0000-F16E-000000000000"},"result":true,"passed":true}"
  &amp#27;[32mThen &amp#27;[0m&amp#27;[32mcheck  the  'Phone number' field is prefixed with country code&amp#27;[0m             &amp#27;[90m# Stepdefinitions.Login_positive_scenario.check_code()&amp#27;[0m
10:35:45.024 [pool-2-thread-1] DEBUG org.apache.http.wire - http-outgoing-0 << "HTTP/1.1 200 OK[\r][\n]"
10:35:45.024 [pool-2-thread-1] DEBUG org.apache.http.wire - http-outgoing-0 << "Date: Mon, 26 Jul 2021 05:05:45 GMT[\r][\n]"
10:35:45.024 [pool-2-thread-1] DEBUG org.apache.http.wire - http-outgoing-0 << "Cache-Control: private, no-cache, max-age=0[\r][\n]"
10:35:45.024 [pool-2-thread-1] DEBUG org.apache.http.wire - http-outgoing-0 << "Pragma: no-cache[\r][\n]"
10:35:45.024 [pool-2-thread-1] DEBUG org.apache.http.wire - http-outgoing-0 << "Expires: -1[\r][\n]"
10:35:45.024 [pool-2-thread-1] DEBUG org.apache.http.wire - http-outgoing-0 << "Content-Length: 0[\r][\n]"
10:35:45.024 [pool-2-thread-1] DEBUG org.apache.http.wire - http-outgoing-0 << "Server: Jetty(9.4.12.v20180830)[\r][\n]"
10:35:45.024 [pool-2-thread-1] DEBUG org.apache.http.wire - http-outgoing-0 << "[\r][\n]"
10:35:45.024 [pool-2-thread-1] DEBUG org.apache.http.headers - http-outgoing-0 << HTTP/1.1 200 OK
10:35:45.024 [pool-2-thread-1] DEBUG org.apache.http.headers - http-outgoing-0 << Date: Mon, 26 Jul 2021 05:05:45 GMT
10:35:45.024 [pool-2-thread-1] DEBUG org.apache.http.headers - http-outgoing-0 << Cache-Control: private, no-cache, max-age=0
10:35:45.024 [pool-2-thread-1] DEBUG org.apache.http.headers - http-outgoing-0 << Pragma: no-cache
10:35:45.024 [pool-2-thread-1] DEBUG org.apache.http.headers - http-outgoing-0 << Expires: -1
10:35:45.024 [pool-2-thread-1] DEBUG org.apache.http.headers - http-outgoing-0 << Content-Length: 0
10:35:45.024 [pool-2-thread-1] DEBUG org.apache.http.headers - http-outgoing-0 << Server: Jetty(9.4.12.v20180830)
10:35:45.025 [pool-2-thread-1] DEBUG o.a.h.impl.execchain.MainClientExec - Connection can be kept alive indefinitely
10:35:45.025 [pool-2-thread-1] DEBUG o.a.h.i.c.PoolingHttpClientConnectionManager - Connection [id: 0][route: {}->http://localhost:8585] can be kept alive indefinitely
10:35:45.025 [pool-2-thread-1] DEBUG o.a.h.i.c.DefaultManagedHttpClientConnection - http-outgoing-0: set socket timeout to 0
10:35:45.025 [pool-2-thread-1] DEBUG o.a.h.i.c.PoolingHttpClientConnectionManager - Connection released: [id: 0][route: {}->http://localhost:8585][total kept alive: 1; route allocated: 1 of 2; total allocated: 1 of 20]
10:35:45.036 [main] INFO   - 
  _____   ___   ___   _____     ___     _     ___   ___   ___   ___  
 |_   _| | __| / __| |_   _|   | _ \   /_\   / __| / __| | __| |   \ 
   | |   | _|  \__ \   | |     |  _/  / _ \  \__ \ \__ \ | _|  | |) |
   |_|   |___| |___/   |_|     |_|   /_/ \_\ |___/ |___/ |___| |___/ 

Validate that the 'Phone number' field is prefixed with +1 country code
----------------------------------------------------------------------
]]></system-out>
  </testcase>
  <testcase name="Validate that the user is able to click on the &apos;Forgot password?&apos; link" classname="Validate login positive functionality" time="0.058">
    <system-out><![CDATA[
Scenario: Validate that the user is able to click on the 'Forgot password?' link &amp#27;[90m# src/test/resources/features/Login_positive_scenario.feature:9&amp#27;[0m
10:35:45.075 [main] INFO  i.c.core.plugin.SerenityReporter - Running feature from file:///C:/Users/Admin/Downloads/MPH-IOS-main/src/test/resources/features/Login_positive_scenario.feature
10:35:45.080 [main] INFO   - 
  _____   ___   ___   _____     ___   _____     _     ___   _____   ___   ___  
 |_   _| | __| / __| |_   _|   / __| |_   _|   /_\   | _ \ |_   _| | __| |   \ 
   | |   | _|  \__ \   | |     \__ \   | |    / _ \  |   /   | |   | _|  | |) |
   |_|   |___| |___/   |_|     |___/   |_|   /_/ \_\ |_|_\   |_|   |___| |___/ 

Validate that the user is able to click on the 'Forgot password?' link(validate-login-positive-functionality;validate-that-the-user-is-able-to-click-on-the--forgot-password?--link)
--------------------------------------------------------------------------------
  &amp#27;[32mWhen &amp#27;[0m&amp#27;[32mclicks on 'Forgot password'&amp#27;[0m                                               &amp#27;[90m# Stepdefinitions.Login_positive_scenario.click_forgot_password()&amp#27;[0m
  &amp#27;[32mThen &amp#27;[0m&amp#27;[32mnavigated to Forgot password page&amp#27;[0m                                         &amp#27;[90m# Stepdefinitions.Login_positive_scenario.navigated_to_forgot_password_page()&amp#27;[0m
10:35:45.103 [main] INFO   - 
  _____   ___   ___   _____     ___     _     ___   ___   ___   ___  
 |_   _| | __| / __| |_   _|   | _ \   /_\   / __| / __| | __| |   \ 
   | |   | _|  \__ \   | |     |  _/  / _ \  \__ \ \__ \ | _|  | |) |
   |_|   |___| |___/   |_|     |_|   /_/ \_\ |___/ |___/ |___| |___/ 

Validate that the user is able to click on the 'Forgot password?' link
----------------------------------------------------------------------
]]></system-out>
  </testcase>
  <testcase name="Validate that the user is able click on the &apos;Sign up&apos; link" classname="Validate login positive functionality" time="0.059">
    <system-out><![CDATA[
Scenario: Validate that the user is able click on the 'Sign up' link &amp#27;[90m# src/test/resources/features/Login_positive_scenario.feature:13&amp#27;[0m
10:35:45.130 [main] INFO  i.c.core.plugin.SerenityReporter - Running feature from file:///C:/Users/Admin/Downloads/MPH-IOS-main/src/test/resources/features/Login_positive_scenario.feature
10:35:45.136 [main] INFO   - 
  _____   ___   ___   _____     ___   _____     _     ___   _____   ___   ___  
 |_   _| | __| / __| |_   _|   / __| |_   _|   /_\   | _ \ |_   _| | __| |   \ 
   | |   | _|  \__ \   | |     \__ \   | |    / _ \  |   /   | |   | _|  | |) |
   |_|   |___| |___/   |_|     |___/   |_|   /_/ \_\ |_|_\   |_|   |___| |___/ 

Validate that the user is able click on the 'Sign up' link(validate-login-positive-functionality;validate-that-the-user-is-able-click-on-the--sign-up--link)
--------------------------------------------------------------------------------
  &amp#27;[32mWhen &amp#27;[0m&amp#27;[32mclicks on 'Sign up'&amp#27;[0m                                           &amp#27;[90m# Stepdefinitions.Login_positive_scenario.click_signup()&amp#27;[0m
  &amp#27;[32mThen &amp#27;[0m&amp#27;[32mnavigated to Sign up page&amp#27;[0m                                     &amp#27;[90m# Stepdefinitions.Login_positive_scenario.navigate_to_signup_page()&amp#27;[0m
10:35:45.165 [main] INFO   - 
  _____   ___   ___   _____     ___     _     ___   ___   ___   ___  
 |_   _| | __| / __| |_   _|   | _ \   /_\   / __| / __| | __| |   \ 
   | |   | _|  \__ \   | |     |  _/  / _ \  \__ \ \__ \ | _|  | |) |
   |_|   |___| |___/   |_|     |_|   /_/ \_\ |___/ |___/ |___| |___/ 

Validate that the user is able click on the 'Sign up' link
----------------------------------------------------------------------
]]></system-out>
  </testcase>
  <testcase name="Validate that the user is able to enter  the password in the &apos;Password&apos; field" classname="Validate login positive functionality" time="1.512">
    <system-out><![CDATA[
Scenario: Validate that the user is able to enter  the password in the 'Password' field &amp#27;[90m# src/test/resources/features/Login_positive_scenario.feature:17&amp#27;[0m
10:35:45.175 [main] INFO  i.c.core.plugin.SerenityReporter - Running feature from file:///C:/Users/Admin/Downloads/MPH-IOS-main/src/test/resources/features/Login_positive_scenario.feature
10:35:45.180 [main] INFO   - 
  _____   ___   ___   _____     ___   _____     _     ___   _____   ___   ___  
 |_   _| | __| / __| |_   _|   / __| |_   _|   /_\   | _ \ |_   _| | __| |   \ 
   | |   | _|  \__ \   | |     \__ \   | |    / _ \  |   /   | |   | _|  | |) |
   |_|   |___| |___/   |_|     |___/   |_|   /_/ \_\ |_|_\   |_|   |___| |___/ 

Validate that the user is able to enter  the password in the 'Password' field(validate-login-positive-functionality;validate-that-the-user-is-able-to-enter--the-password-in-the--password--field)
--------------------------------------------------------------------------------
10:35:45.204 [pool-2-thread-1] DEBUG o.a.h.c.protocol.RequestAddCookies - CookieSpec selected: default
10:35:45.205 [pool-2-thread-1] DEBUG o.a.h.c.protocol.RequestAuthCache - Auth cache not set in the context
10:35:45.206 [pool-2-thread-1] DEBUG o.a.h.i.c.PoolingHttpClientConnectionManager - Connection request: [route: {}->http://localhost:8585][total kept alive: 1; route allocated: 1 of 2; total allocated: 1 of 20]
10:35:45.206 [pool-2-thread-1] DEBUG o.a.h.i.c.PoolingHttpClientConnectionManager - Connection leased: [id: 0][route: {}->http://localhost:8585][total kept alive: 0; route allocated: 1 of 2; total allocated: 1 of 20]
10:35:45.206 [pool-2-thread-1] DEBUG o.a.h.i.c.DefaultManagedHttpClientConnection - http-outgoing-0: set socket timeout to 0
10:35:45.206 [pool-2-thread-1] DEBUG o.a.h.i.c.DefaultManagedHttpClientConnection - http-outgoing-0: set socket timeout to 5000
10:35:45.206 [pool-2-thread-1] DEBUG o.a.h.impl.execchain.MainClientExec - Executing request POST /api/development/report/command HTTP/1.1
10:35:45.206 [pool-2-thread-1] DEBUG o.a.h.impl.execchain.MainClientExec - Proxy auth state: UNCHALLENGED
10:35:45.207 [pool-2-thread-1] DEBUG org.apache.http.headers - http-outgoing-0 >> POST /api/development/report/command HTTP/1.1
10:35:45.207 [pool-2-thread-1] DEBUG org.apache.http.headers - http-outgoing-0 >> Content-Length: 81
10:35:45.207 [pool-2-thread-1] DEBUG org.apache.http.headers - http-outgoing-0 >> Content-Type: application/json; charset=UTF-8
10:35:45.207 [pool-2-thread-1] DEBUG org.apache.http.headers - http-outgoing-0 >> Host: localhost:8585
10:35:45.207 [pool-2-thread-1] DEBUG org.apache.http.headers - http-outgoing-0 >> Connection: Keep-Alive
10:35:45.207 [pool-2-thread-1] DEBUG org.apache.http.headers - http-outgoing-0 >> User-Agent: Apache-HttpClient/4.5.9 (Java/11.0.11)
10:35:45.207 [pool-2-thread-1] DEBUG org.apache.http.headers - http-outgoing-0 >> Accept-Encoding: gzip,deflate
10:35:45.207 [pool-2-thread-1] DEBUG org.apache.http.headers - http-outgoing-0 >> Authorization: fHdacT69Ifkyd3lQ5OQCWjO_ZuQljpxJUSplQuaduoU
10:35:45.207 [pool-2-thread-1] DEBUG org.apache.http.headers - http-outgoing-0 >> Accept: application/json; charset=UTF-8
10:35:45.207 [pool-2-thread-1] DEBUG org.apache.http.wire - http-outgoing-0 >> "POST /api/development/report/command HTTP/1.1[\r][\n]"
10:35:45.207 [pool-2-thread-1] DEBUG org.apache.http.wire - http-outgoing-0 >> "Content-Length: 81[\r][\n]"
10:35:45.207 [pool-2-thread-1] DEBUG org.apache.http.wire - http-outgoing-0 >> "Content-Type: application/json; charset=UTF-8[\r][\n]"
10:35:45.207 [pool-2-thread-1] DEBUG org.apache.http.wire - http-outgoing-0 >> "Host: localhost:8585[\r][\n]"
10:35:45.207 [pool-2-thread-1] DEBUG org.apache.http.wire - http-outgoing-0 >> "Connection: Keep-Alive[\r][\n]"
10:35:45.207 [pool-2-thread-1] DEBUG org.apache.http.wire - http-outgoing-0 >> "User-Agent: Apache-HttpClient/4.5.9 (Java/11.0.11)[\r][\n]"
10:35:45.207 [pool-2-thread-1] DEBUG org.apache.http.wire - http-outgoing-0 >> "Accept-Encoding: gzip,deflate[\r][\n]"
10:35:45.207 [pool-2-thread-1] DEBUG org.apache.http.wire - http-outgoing-0 >> "Authorization: fHdacT69Ifkyd3lQ5OQCWjO_ZuQljpxJUSplQuaduoU[\r][\n]"
10:35:45.207 [pool-2-thread-1] DEBUG org.apache.http.wire - http-outgoing-0 >> "Accept: application/json; charset=UTF-8[\r][\n]"
10:35:45.207 [pool-2-thread-1] DEBUG org.apache.http.wire - http-outgoing-0 >> "[\r][\n]"
10:35:45.208 [pool-2-thread-1] DEBUG org.apache.http.wire - http-outgoing-0 >> "{"commandName":"setTimeout","commandParameters":{"implicit":10000},"passed":true}"
10:35:45.212 [pool-2-thread-1] DEBUG org.apache.http.wire - http-outgoing-0 << "HTTP/1.1 200 OK[\r][\n]"
10:35:45.212 [pool-2-thread-1] DEBUG org.apache.http.wire - http-outgoing-0 << "Date: Mon, 26 Jul 2021 05:05:45 GMT[\r][\n]"
10:35:45.212 [pool-2-thread-1] DEBUG org.apache.http.wire - http-outgoing-0 << "Cache-Control: private, no-cache, max-age=0[\r][\n]"
10:35:45.212 [pool-2-thread-1] DEBUG org.apache.http.wire - http-outgoing-0 << "Pragma: no-cache[\r][\n]"
10:35:45.212 [pool-2-thread-1] DEBUG org.apache.http.wire - http-outgoing-0 << "Expires: -1[\r][\n]"
10:35:45.212 [pool-2-thread-1] DEBUG org.apache.http.wire - http-outgoing-0 << "Content-Length: 0[\r][\n]"
10:35:45.212 [pool-2-thread-1] DEBUG org.apache.http.wire - http-outgoing-0 << "Server: Jetty(9.4.12.v20180830)[\r][\n]"
10:35:45.212 [pool-2-thread-1] DEBUG org.apache.http.wire - http-outgoing-0 << "[\r][\n]"
10:35:45.212 [pool-2-thread-1] DEBUG org.apache.http.headers - http-outgoing-0 << HTTP/1.1 200 OK
10:35:45.212 [pool-2-thread-1] DEBUG org.apache.http.headers - http-outgoing-0 << Date: Mon, 26 Jul 2021 05:05:45 GMT
10:35:45.212 [pool-2-thread-1] DEBUG org.apache.http.headers - http-outgoing-0 << Cache-Control: private, no-cache, max-age=0
10:35:45.212 [pool-2-thread-1] DEBUG org.apache.http.headers - http-outgoing-0 << Pragma: no-cache
10:35:45.212 [pool-2-thread-1] DEBUG org.apache.http.headers - http-outgoing-0 << Expires: -1
10:35:45.212 [pool-2-thread-1] DEBUG org.apache.http.headers - http-outgoing-0 << Content-Length: 0
10:35:45.212 [pool-2-thread-1] DEBUG org.apache.http.headers - http-outgoing-0 << Server: Jetty(9.4.12.v20180830)
10:35:45.213 [pool-2-thread-1] DEBUG o.a.h.impl.execchain.MainClientExec - Connection can be kept alive indefinitely
10:35:45.213 [pool-2-thread-1] DEBUG o.a.h.i.c.PoolingHttpClientConnectionManager - Connection [id: 0][route: {}->http://localhost:8585] can be kept alive indefinitely
10:35:45.213 [pool-2-thread-1] DEBUG o.a.h.i.c.DefaultManagedHttpClientConnection - http-outgoing-0: set socket timeout to 0
10:35:45.213 [pool-2-thread-1] DEBUG o.a.h.i.c.PoolingHttpClientConnectionManager - Connection released: [id: 0][route: {}->http://localhost:8585][total kept alive: 1; route allocated: 1 of 2; total allocated: 1 of 20]
10:35:45.673 [pool-2-thread-1] DEBUG o.a.h.c.protocol.RequestAddCookies - CookieSpec selected: default
10:35:45.674 [pool-2-thread-1] DEBUG o.a.h.c.protocol.RequestAuthCache - Auth cache not set in the context
10:35:45.674 [pool-2-thread-1] DEBUG o.a.h.i.c.PoolingHttpClientConnectionManager - Connection request: [route: {}->http://localhost:8585][total kept alive: 1; route allocated: 1 of 2; total allocated: 1 of 20]
10:35:45.674 [pool-2-thread-1] DEBUG o.a.h.i.c.PoolingHttpClientConnectionManager - Connection leased: [id: 0][route: {}->http://localhost:8585][total kept alive: 0; route allocated: 1 of 2; total allocated: 1 of 20]
10:35:45.674 [pool-2-thread-1] DEBUG o.a.h.i.c.DefaultManagedHttpClientConnection - http-outgoing-0: set socket timeout to 0
10:35:45.674 [pool-2-thread-1] DEBUG o.a.h.i.c.DefaultManagedHttpClientConnection - http-outgoing-0: set socket timeout to 5000
10:35:45.674 [pool-2-thread-1] DEBUG o.a.h.impl.execchain.MainClientExec - Executing request POST /api/development/report/command HTTP/1.1
10:35:45.674 [pool-2-thread-1] DEBUG o.a.h.impl.execchain.MainClientExec - Proxy auth state: UNCHALLENGED
10:35:45.674 [pool-2-thread-1] DEBUG org.apache.http.headers - http-outgoing-0 >> POST /api/development/report/command HTTP/1.1
10:35:45.674 [pool-2-thread-1] DEBUG org.apache.http.headers - http-outgoing-0 >> Content-Length: 261
10:35:45.674 [pool-2-thread-1] DEBUG org.apache.http.headers - http-outgoing-0 >> Content-Type: application/json; charset=UTF-8
10:35:45.674 [pool-2-thread-1] DEBUG org.apache.http.headers - http-outgoing-0 >> Host: localhost:8585
10:35:45.674 [pool-2-thread-1] DEBUG org.apache.http.headers - http-outgoing-0 >> Connection: Keep-Alive
10:35:45.674 [pool-2-thread-1] DEBUG org.apache.http.headers - http-outgoing-0 >> User-Agent: Apache-HttpClient/4.5.9 (Java/11.0.11)
10:35:45.674 [pool-2-thread-1] DEBUG org.apache.http.headers - http-outgoing-0 >> Accept-Encoding: gzip,deflate
10:35:45.674 [pool-2-thread-1] DEBUG org.apache.http.headers - http-outgoing-0 >> Authorization: fHdacT69Ifkyd3lQ5OQCWjO_ZuQljpxJUSplQuaduoU
10:35:45.674 [pool-2-thread-1] DEBUG org.apache.http.headers - http-outgoing-0 >> Accept: application/json; charset=UTF-8
10:35:45.674 [pool-2-thread-1] DEBUG org.apache.http.wire - http-outgoing-0 >> "POST /api/development/report/command HTTP/1.1[\r][\n]"
10:35:45.674 [pool-2-thread-1] DEBUG org.apache.http.wire - http-outgoing-0 >> "Content-Length: 261[\r][\n]"
[...]
10:36:01.134 [pool-2-thread-1] DEBUG org.apache.http.headers - http-outgoing-0 << HTTP/1.1 200 OK
10:36:01.134 [pool-2-thread-1] DEBUG org.apache.http.headers - http-outgoing-0 << Date: Mon, 26 Jul 2021 05:06:01 GMT
10:36:01.134 [pool-2-thread-1] DEBUG org.apache.http.headers - http-outgoing-0 << Cache-Control: private, no-cache, max-age=0
10:36:01.134 [pool-2-thread-1] DEBUG org.apache.http.headers - http-outgoing-0 << Pragma: no-cache
10:36:01.134 [pool-2-thread-1] DEBUG org.apache.http.headers - http-outgoing-0 << Expires: -1
10:36:01.134 [pool-2-thread-1] DEBUG org.apache.http.headers - http-outgoing-0 << Content-Length: 0
10:36:01.134 [pool-2-thread-1] DEBUG org.apache.http.headers - http-outgoing-0 << Server: Jetty(9.4.12.v20180830)
10:36:01.134 [pool-2-thread-1] DEBUG o.a.h.impl.execchain.MainClientExec - Connection can be kept alive indefinitely
10:36:01.134 [pool-2-thread-1] DEBUG o.a.h.i.c.PoolingHttpClientConnectionManager - Connection [id: 0][route: {}->http://localhost:8585] can be kept alive indefinitely
10:36:01.134 [pool-2-thread-1] DEBUG o.a.h.i.c.DefaultManagedHttpClientConnection - http-outgoing-0: set socket timeout to 0
10:36:01.134 [pool-2-thread-1] DEBUG o.a.h.i.c.PoolingHttpClientConnectionManager - Connection released: [id: 0][route: {}->http://localhost:8585][total kept alive: 1; route allocated: 1 of 2; total allocated: 1 of 20]
10:36:01.510 [pool-2-thread-1] DEBUG o.a.h.c.protocol.RequestAddCookies - CookieSpec selected: default
10:36:01.511 [pool-2-thread-1] DEBUG o.a.h.c.protocol.RequestAuthCache - Auth cache not set in the context
10:36:01.511 [pool-2-thread-1] DEBUG o.a.h.i.c.PoolingHttpClientConnectionManager - Connection request: [route: {}->http://localhost:8585][total kept alive: 1; route allocated: 1 of 2; total allocated: 1 of 20]
10:36:01.511 [pool-2-thread-1] DEBUG o.a.h.i.c.PoolingHttpClientConnectionManager - Connection leased: [id: 0][route: {}->http://localhost:8585][total kept alive: 0; route allocated: 1 of 2; total allocated: 1 of 20]
10:36:01.511 [pool-2-thread-1] DEBUG o.a.h.i.c.DefaultManagedHttpClientConnection - http-outgoing-0: set socket timeout to 0
10:36:01.511 [pool-2-thread-1] DEBUG o.a.h.i.c.DefaultManagedHttpClientConnection - http-outgoing-0: set socket timeout to 5000
10:36:01.511 [pool-2-thread-1] DEBUG o.a.h.impl.execchain.MainClientExec - Executing request POST /api/development/report/command HTTP/1.1
10:36:01.511 [pool-2-thread-1] DEBUG o.a.h.impl.execchain.MainClientExec - Proxy auth state: UNCHALLENGED
10:36:01.511 [pool-2-thread-1] DEBUG org.apache.http.headers - http-outgoing-0 >> POST /api/development/report/command HTTP/1.1
10:36:01.511 [pool-2-thread-1] DEBUG org.apache.http.headers - http-outgoing-0 >> Content-Length: 281
10:36:01.511 [pool-2-thread-1] DEBUG org.apache.http.headers - http-outgoing-0 >> Content-Type: application/json; charset=UTF-8
10:36:01.511 [pool-2-thread-1] DEBUG org.apache.http.headers - http-outgoing-0 >> Host: localhost:8585
10:36:01.511 [pool-2-thread-1] DEBUG org.apache.http.headers - http-outgoing-0 >> Connection: Keep-Alive
10:36:01.511 [pool-2-thread-1] DEBUG org.apache.http.headers - http-outgoing-0 >> User-Agent: Apache-HttpClient/4.5.9 (Java/11.0.11)
10:36:01.511 [pool-2-thread-1] DEBUG org.apache.http.headers - http-outgoing-0 >> Accept-Encoding: gzip,deflate
10:36:01.511 [pool-2-thread-1] DEBUG org.apache.http.headers - http-outgoing-0 >> Authorization: fHdacT69Ifkyd3lQ5OQCWjO_ZuQljpxJUSplQuaduoU
10:36:01.511 [pool-2-thread-1] DEBUG org.apache.http.headers - http-outgoing-0 >> Accept: application/json; charset=UTF-8
10:36:01.511 [pool-2-thread-1] DEBUG org.apache.http.wire - http-outgoing-0 >> "POST /api/development/report/command HTTP/1.1[\r][\n]"
10:36:01.511 [pool-2-thread-1] DEBUG org.apache.http.wire - http-outgoing-0 >> "Content-Length: 281[\r][\n]"
10:36:01.511 [pool-2-thread-1] DEBUG org.apache.http.wire - http-outgoing-0 >> "Content-Type: application/json; charset=UTF-8[\r][\n]"
10:36:01.511 [pool-2-thread-1] DEBUG org.apache.http.wire - http-outgoing-0 >> "Host: localhost:8585[\r][\n]"
10:36:01.511 [pool-2-thread-1] DEBUG org.apache.http.wire - http-outgoing-0 >> "Connection: Keep-Alive[\r][\n]"
10:36:01.511 [pool-2-thread-1] DEBUG org.apache.http.wire - http-outgoing-0 >> "User-Agent: Apache-HttpClient/4.5.9 (Java/11.0.11)[\r][\n]"
10:36:01.511 [pool-2-thread-1] DEBUG org.apache.http.wire - http-outgoing-0 >> "Accept-Encoding: gzip,deflate[\r][\n]"
10:36:01.511 [pool-2-thread-1] DEBUG org.apache.http.wire - http-outgoing-0 >> "Authorization: fHdacT69Ifkyd3lQ5OQCWjO_ZuQljpxJUSplQuaduoU[\r][\n]"
10:36:01.511 [pool-2-thread-1] DEBUG org.apache.http.wire - http-outgoing-0 >> "Accept: application/json; charset=UTF-8[\r][\n]"
10:36:01.511 [pool-2-thread-1] DEBUG org.apache.http.wire - http-outgoing-0 >> "[\r][\n]"
10:36:01.511 [pool-2-thread-1] DEBUG org.apache.http.wire - http-outgoing-0 >> "{"commandName":"findElement","commandParameters":{"using":"xpath","value":"//XCUIElementTypeScrollView//XCUIElementTypeOther[2]"},"result":{"element-6066-11e4-a52e-4f735466cecf":"6A000000-0000-0000-EE6E-000000000000","ELEMENT":"6A000000-0000-0000-EE6E-000000000000"},"passed":true}"
10:36:01.515 [pool-2-thread-1] DEBUG org.apache.http.wire - http-outgoing-0 << "HTTP/1.1 200 OK[\r][\n]"
10:36:01.515 [pool-2-thread-1] DEBUG org.apache.http.wire - http-outgoing-0 << "Date: Mon, 26 Jul 2021 05:06:01 GMT[\r][\n]"
10:36:01.515 [pool-2-thread-1] DEBUG org.apache.http.wire - http-outgoing-0 << "Cache-Control: private, no-cache, max-age=0[\r][\n]"
10:36:01.515 [pool-2-thread-1] DEBUG org.apache.http.wire - http-outgoing-0 << "Pragma: no-cache[\r][\n]"
10:36:01.515 [pool-2-thread-1] DEBUG org.apache.http.wire - http-outgoing-0 << "Expires: -1[\r][\n]"
10:36:01.515 [pool-2-thread-1] DEBUG org.apache.http.wire - http-outgoing-0 << "Content-Length: 0[\r][\n]"
10:36:01.515 [pool-2-thread-1] DEBUG org.apache.http.wire - http-outgoing-0 << "Server: Jetty(9.4.12.v20180830)[\r][\n]"
10:36:01.515 [pool-2-thread-1] DEBUG org.apache.http.wire - http-outgoing-0 << "[\r][\n]"
10:36:01.515 [pool-2-thread-1] DEBUG org.apache.http.headers - http-outgoing-0 << HTTP/1.1 200 OK
10:36:01.515 [pool-2-thread-1] DEBUG org.apache.http.headers - http-outgoing-0 << Date: Mon, 26 Jul 2021 05:06:01 GMT
10:36:01.515 [pool-2-thread-1] DEBUG org.apache.http.headers - http-outgoing-0 << Cache-Control: private, no-cache, max-age=0
10:36:01.515 [pool-2-thread-1] DEBUG org.apache.http.headers - http-outgoing-0 << Pragma: no-cache
10:36:01.515 [pool-2-thread-1] DEBUG org.apache.http.headers - http-outgoing-0 << Expires: -1
10:36:01.515 [pool-2-thread-1] DEBUG org.apache.http.headers - http-outgoing-0 << Content-Length: 0
10:36:01.515 [pool-2-thread-1] DEBUG org.apache.http.headers - http-outgoing-0 << Server: Jetty(9.4.12.v20180830)
10:36:01.515 [pool-2-thread-1] DEBUG o.a.h.impl.execchain.MainClientExec - Connection can be kept alive indefinitely
10:36:01.515 [pool-2-thread-1] DEBUG o.a.h.i.c.PoolingHttpClientConnectionManager - Connection [id: 0][route: {}->http://localhost:8585] can be kept alive indefinitely
10:36:01.515 [pool-2-thread-1] DEBUG o.a.h.i.c.DefaultManagedHttpClientConnection - http-outgoing-0: set socket timeout to 0
10:36:01.515 [pool-2-thread-1] DEBUG o.a.h.i.c.PoolingHttpClientConnectionManager - Connection released: [id: 0][route: {}->http://localhost:8585][total kept alive: 1; route allocated: 1 of 2; total allocated: 1 of 20]
login positive
10:36:01.590 [pool-2-thread-1] DEBUG o.a.h.c.protocol.RequestAddCookies - CookieSpec selected: default
10:36:01.590 [pool-2-thread-1] DEBUG o.a.h.c.protocol.RequestAuthCache - Auth cache not set in the context
10:36:01.590 [pool-2-thread-1] DEBUG o.a.h.i.c.PoolingHttpClientConnectionManager - Connection request: [route: {}->http://localhost:8585][total kept alive: 1; route allocated: 1 of 2; total allocated: 1 of 20]
10:36:01.590 [pool-2-thread-1] DEBUG o.a.h.i.c.PoolingHttpClientConnectionManager - Connection leased: [id: 0][route: {}->http://localhost:8585][total kept alive: 0; route allocated: 1 of 2; total allocated: 1 of 20]
10:36:01.590 [pool-2-thread-1] DEBUG o.a.h.i.c.DefaultManagedHttpClientConnection - http-outgoing-0: set socket timeout to 0
10:36:01.591 [pool-2-thread-1] DEBUG o.a.h.i.c.DefaultManagedHttpClientConnection - http-outgoing-0: set socket timeout to 5000
10:36:01.591 [pool-2-thread-1] DEBUG o.a.h.impl.execchain.MainClientExec - Executing request POST /api/development/report/command HTTP/1.1
10:36:01.591 [pool-2-thread-1] DEBUG o.a.h.impl.execchain.MainClientExec - Proxy auth state: UNCHALLENGED
10:36:01.591 [pool-2-thread-1] DEBUG org.apache.http.headers - http-outgoing-0 >> POST /api/development/report/command HTTP/1.1
10:36:01.591 [pool-2-thread-1] DEBUG org.apache.http.headers - http-outgoing-0 >> Content-Length: 130
10:36:01.591 [pool-2-thread-1] DEBUG org.apache.http.headers - http-outgoing-0 >> Content-Type: application/json; charset=UTF-8
10:36:01.591 [pool-2-thread-1] DEBUG org.apache.http.headers - http-outgoing-0 >> Host: localhost:8585
10:36:01.591 [pool-2-thread-1] DEBUG org.apache.http.headers - http-outgoing-0 >> Connection: Keep-Alive
10:36:01.591 [pool-2-thread-1] DEBUG org.apache.http.headers - http-outgoing-0 >> User-Agent: Apache-HttpClient/4.5.9 (Java/11.0.11)
10:36:01.591 [pool-2-thread-1] DEBUG org.apache.http.headers - http-outgoing-0 >> Accept-Encoding: gzip,deflate
10:36:01.591 [pool-2-thread-1] DEBUG org.apache.http.headers - http-outgoing-0 >> Authorization: fHdacT69Ifkyd3lQ5OQCWjO_ZuQljpxJUSplQuaduoU
10:36:01.591 [pool-2-thread-1] DEBUG org.apache.http.headers - http-outgoing-0 >> Accept: application/json; charset=UTF-8
10:36:01.591 [pool-2-thread-1] DEBUG org.apache.http.wire - http-outgoing-0 >> "POST /api/development/report/command HTTP/1.1[\r][\n]"
10:36:01.591 [pool-2-thread-1] DEBUG org.apache.http.wire - http-outgoing-0 >> "Content-Length: 130[\r][\n]"
10:36:01.591 [pool-2-thread-1] DEBUG org.apache.http.wire - http-outgoing-0 >> "Content-Type: application/json; charset=UTF-8[\r][\n]"
10:36:01.591 [pool-2-thread-1] DEBUG org.apache.http.wire - http-outgoing-0 >> "Host: localhost:8585[\r][\n]"
10:36:01.591 [pool-2-thread-1] DEBUG org.apache.http.wire - http-outgoing-0 >> "Connection: Keep-Alive[\r][\n]"
10:36:01.591 [pool-2-thread-1] DEBUG org.apache.http.wire - http-outgoing-0 >> "User-Agent: Apache-HttpClient/4.5.9 (Java/11.0.11)[\r][\n]"
10:36:01.591 [pool-2-thread-1] DEBUG org.apache.http.wire - http-outgoing-0 >> "Accept-Encoding: gzip,deflate[\r][\n]"
10:36:01.591 [pool-2-thread-1] DEBUG org.apache.http.wire - http-outgoing-0 >> "Authorization: fHdacT69Ifkyd3lQ5OQCWjO_ZuQljpxJUSplQuaduoU[\r][\n]"
10:36:01.591 [pool-2-thread-1] DEBUG org.apache.http.wire - http-outgoing-0 >> "Accept: application/json; charset=UTF-8[\r][\n]"
10:36:01.591 [pool-2-thread-1] DEBUG org.apache.http.wire - http-outgoing-0 >> "[\r][\n]"
10:36:01.591 [pool-2-thread-1] DEBUG org.apache.http.wire - http-outgoing-0 >> "{"commandName":"isElementDisplayed","commandParameters":{"id":"6A000000-0000-0000-EE6E-000000000000"},"result":true,"passed":true}"
10:36:01.594 [pool-2-thread-1] DEBUG org.apache.http.wire - http-outgoing-0 << "HTTP/1.1 200 OK[\r][\n]"
10:36:01.594 [pool-2-thread-1] DEBUG org.apache.http.wire - http-outgoing-0 << "Date: Mon, 26 Jul 2021 05:06:01 GMT[\r][\n]"
10:36:01.594 [pool-2-thread-1] DEBUG org.apache.http.wire - http-outgoing-0 << "Cache-Control: private, no-cache, max-age=0[\r][\n]"
10:36:01.594 [pool-2-thread-1] DEBUG org.apache.http.wire - http-outgoing-0 << "Pragma: no-cache[\r][\n]"
10:36:01.594 [pool-2-thread-1] DEBUG org.apache.http.wire - http-outgoing-0 << "Expires: -1[\r][\n]"
10:36:01.594 [pool-2-thread-1] DEBUG org.apache.http.wire - http-outgoing-0 << "Content-Length: 0[\r][\n]"
10:36:01.594 [pool-2-thread-1] DEBUG org.apache.http.wire - http-outgoing-0 << "Server: Jetty(9.4.12.v20180830)[\r][\n]"
10:36:01.594 [pool-2-thread-1] DEBUG org.apache.http.wire - http-outgoing-0 << "[\r][\n]"
10:36:01.594 [pool-2-thread-1] DEBUG org.apache.http.headers - http-outgoing-0 << HTTP/1.1 200 OK
10:36:01.594 [pool-2-thread-1] DEBUG org.apache.http.headers - http-outgoing-0 << Date: Mon, 26 Jul 2021 05:06:01 GMT
10:36:01.594 [pool-2-thread-1] DEBUG org.apache.http.headers - http-outgoing-0 << Cache-Control: private, no-cache, max-age=0
10:36:01.594 [pool-2-thread-1] DEBUG org.apache.http.headers - http-outgoing-0 << Pragma: no-cache
10:36:01.594 [pool-2-thread-1] DEBUG org.apache.http.headers - http-outgoing-0 << Expires: -1
10:36:01.594 [pool-2-thread-1] DEBUG org.apache.http.headers - http-outgoing-0 << Content-Length: 0
10:36:01.594 [pool-2-thread-1] DEBUG org.apache.http.headers - http-outgoing-0 << Server: Jetty(9.4.12.v20180830)
10:36:01.594 [pool-2-thread-1] DEBUG o.a.h.impl.execchain.MainClientExec - Connection can be kept alive indefinitely
10:36:01.594 [pool-2-thread-1] DEBUG o.a.h.i.c.PoolingHttpClientConnectionManager - Connection [id: 0][route: {}->http://localhost:8585] can be kept alive indefinitely
10:36:01.594 [pool-2-thread-1] DEBUG o.a.h.i.c.DefaultManagedHttpClientConnection - http-outgoing-0: set socket timeout to 0
10:36:01.594 [pool-2-thread-1] DEBUG o.a.h.i.c.PoolingHttpClientConnectionManager - Connection released: [id: 0][route: {}->http://localhost:8585][total kept alive: 1; route allocated: 1 of 2; total allocated: 1 of 20]
  &amp#27;[32mThen &amp#27;[0m&amp#27;[32mnavigated to Landing page&amp#27;[0m                                                             &amp#27;[90m# Stepdefinitions.Login_positive_scenario.navigate_to_landingpage()&amp#27;[0m
10:36:02.676 [pool-2-thread-1] DEBUG o.a.h.c.protocol.RequestAddCookies - CookieSpec selected: default
10:36:02.676 [pool-2-thread-1] DEBUG o.a.h.c.protocol.RequestAuthCache - Auth cache not set in the context
10:36:02.676 [pool-2-thread-1] DEBUG o.a.h.i.c.PoolingHttpClientConnectionManager - Connection request: [route: {}->http://localhost:8585][total kept alive: 1; route allocated: 1 of 2; total allocated: 1 of 20]
10:36:02.676 [pool-2-thread-1] DEBUG o.a.h.i.c.PoolingHttpClientConnectionManager - Connection leased: [id: 0][route: {}->http://localhost:8585][total kept alive: 0; route allocated: 1 of 2; total allocated: 1 of 20]
10:36:02.676 [pool-2-thread-1] DEBUG o.a.h.i.c.DefaultManagedHttpClientConnection - http-outgoing-0: set socket timeout to 0
10:36:02.676 [pool-2-thread-1] DEBUG o.a.h.i.c.DefaultManagedHttpClientConnection - http-outgoing-0: set socket timeout to 5000
10:36:02.676 [pool-2-thread-1] DEBUG o.a.h.impl.execchain.MainClientExec - Executing request POST /api/development/report/command HTTP/1.1
10:36:02.676 [pool-2-thread-1] DEBUG o.a.h.impl.execchain.MainClientExec - Proxy auth state: UNCHALLENGED
10:36:02.676 [pool-2-thread-1] DEBUG org.apache.http.headers - http-outgoing-0 >> POST /api/development/report/command HTTP/1.1
10:36:02.677 [pool-2-thread-1] DEBUG org.apache.http.headers - http-outgoing-0 >> Content-Length: 63
10:36:02.677 [pool-2-thread-1] DEBUG org.apache.http.headers - http-outgoing-0 >> Content-Type: application/json; charset=UTF-8
10:36:02.677 [pool-2-thread-1] DEBUG org.apache.http.headers - http-outgoing-0 >> Host: localhost:8585
10:36:02.677 [pool-2-thread-1] DEBUG org.apache.http.headers - http-outgoing-0 >> Connection: Keep-Alive
10:36:02.677 [pool-2-thread-1] DEBUG org.apache.http.headers - http-outgoing-0 >> User-Agent: Apache-HttpClient/4.5.9 (Java/11.0.11)
10:36:02.677 [pool-2-thread-1] DEBUG org.apache.http.headers - http-outgoing-0 >> Accept-Encoding: gzip,deflate
10:36:02.677 [pool-2-thread-1] DEBUG org.apache.http.headers - http-outgoing-0 >> Authorization: fHdacT69Ifkyd3lQ5OQCWjO_ZuQljpxJUSplQuaduoU
10:36:02.677 [pool-2-thread-1] DEBUG org.apache.http.headers - http-outgoing-0 >> Accept: application/json; charset=UTF-8
10:36:02.677 [pool-2-thread-1] DEBUG org.apache.http.wire - http-outgoing-0 >> "POST /api/development/report/command HTTP/1.1[\r][\n]"
10:36:02.677 [pool-2-thread-1] DEBUG org.apache.http.wire - http-outgoing-0 >> "Content-Length: 63[\r][\n]"
10:36:02.677 [pool-2-thread-1] DEBUG org.apache.http.wire - http-outgoing-0 >> "Content-Type: application/json; charset=UTF-8[\r][\n]"
10:36:02.677 [pool-2-thread-1] DEBUG org.apache.http.wire - http-outgoing-0 >> "Host: localhost:8585[\r][\n]"
10:36:02.677 [pool-2-thread-1] DEBUG org.apache.http.wire - http-outgoing-0 >> "Connection: Keep-Alive[\r][\n]"
10:36:02.677 [pool-2-thread-1] DEBUG org.apache.http.wire - http-outgoing-0 >> "User-Agent: Apache-HttpClient/4.5.9 (Java/11.0.11)[\r][\n]"
10:36:02.677 [pool-2-thread-1] DEBUG org.apache.http.wire - http-outgoing-0 >> "Accept-Encoding: gzip,deflate[\r][\n]"
10:36:02.677 [pool-2-thread-1] DEBUG org.apache.http.wire - http-outgoing-0 >> "Authorization: fHdacT69Ifkyd3lQ5OQCWjO_ZuQljpxJUSplQuaduoU[\r][\n]"
10:36:02.677 [pool-2-thread-1] DEBUG org.apache.http.wire - http-outgoing-0 >> "Accept: application/json; charset=UTF-8[\r][\n]"
10:36:02.677 [pool-2-thread-1] DEBUG org.apache.http.wire - http-outgoing-0 >> "[\r][\n]"
10:36:02.677 [pool-2-thread-1] DEBUG org.apache.http.wire - http-outgoing-0 >> "{"commandName":"closeApp","commandParameters":{},"passed":true}"
10:36:02.682 [main] INFO   - 
  _____   ___   ___   _____     ___     _     ___   ___   ___   ___  
 |_   _| | __| / __| |_   _|   | _ \   /_\   / __| / __| | __| |   \ 
   | |   | _|  \__ \   | |     |  _/  / _ \  \__ \ \__ \ | _|  | |) |
   |_|   |___| |___/   |_|     |_|   /_/ \_\ |___/ |___/ |___| |___/ 

Validate that the user is navigated to Landing page on clicking the Log out option
----------------------------------------------------------------------
10:36:02.683 [pool-2-thread-1] DEBUG org.apache.http.wire - http-outgoing-0 << "HTTP/1.1 200 OK[\r][\n]"
10:36:02.683 [pool-2-thread-1] DEBUG org.apache.http.wire - http-outgoing-0 << "Date: Mon, 26 Jul 2021 05:06:02 GMT[\r][\n]"
10:36:02.683 [pool-2-thread-1] DEBUG org.apache.http.wire - http-outgoing-0 << "Cache-Control: private, no-cache, max-age=0[\r][\n]"
10:36:02.683 [pool-2-thread-1] DEBUG org.apache.http.wire - http-outgoing-0 << "Pragma: no-cache[\r][\n]"
10:36:02.683 [pool-2-thread-1] DEBUG org.apache.http.wire - http-outgoing-0 << "Expires: -1[\r][\n]"
10:36:02.683 [pool-2-thread-1] DEBUG org.apache.http.wire - http-outgoing-0 << "Content-Length: 0[\r][\n]"
10:36:02.683 [pool-2-thread-1] DEBUG org.apache.http.wire - http-outgoing-0 << "Server: Jetty(9.4.12.v20180830)[\r][\n]"
10:36:02.683 [pool-2-thread-1] DEBUG org.apache.http.wire - http-outgoing-0 << "[\r][\n]"
10:36:02.683 [pool-2-thread-1] DEBUG org.apache.http.headers - http-outgoing-0 << HTTP/1.1 200 OK
10:36:02.683 [pool-2-thread-1] DEBUG org.apache.http.headers - http-outgoing-0 << Date: Mon, 26 Jul 2021 05:06:02 GMT
10:36:02.683 [pool-2-thread-1] DEBUG org.apache.http.headers - http-outgoing-0 << Cache-Control: private, no-cache, max-age=0
10:36:02.683 [pool-2-thread-1] DEBUG org.apache.http.headers - http-outgoing-0 << Pragma: no-cache
10:36:02.683 [pool-2-thread-1] DEBUG org.apache.http.headers - http-outgoing-0 << Expires: -1
10:36:02.683 [pool-2-thread-1] DEBUG org.apache.http.headers - http-outgoing-0 << Content-Length: 0
10:36:02.683 [pool-2-thread-1] DEBUG org.apache.http.headers - http-outgoing-0 << Server: Jetty(9.4.12.v20180830)
10:36:02.684 [pool-2-thread-1] DEBUG o.a.h.impl.execchain.MainClientExec - Connection can be kept alive indefinitely
10:36:02.684 [pool-2-thread-1] DEBUG o.a.h.i.c.PoolingHttpClientConnectionManager - Connection [id: 0][route: {}->http://localhost:8585] can be kept alive indefinitely
10:36:02.684 [pool-2-thread-1] DEBUG o.a.h.i.c.DefaultManagedHttpClientConnection - http-outgoing-0: set socket timeout to 0
10:36:02.684 [pool-2-thread-1] DEBUG o.a.h.i.c.PoolingHttpClientConnectionManager - Connection released: [id: 0][route: {}->http://localhost:8585][total kept alive: 1; route allocated: 1 of 2; total allocated: 1 of 20]
]]></system-out>
  </testcase>
</testsuite>