<?xml version="1.0" encoding="UTF-8"?><testsuite errors="1" failures="0" name="User should be able to click on the Utilities tab and able to use all the services under Utilities" skipped="0" tests="8" time="77.5" timestamp="2021-08-09 09:08:38"><testcase name="Validate the navigation to Utilities screen"/><testcase name="Validate the message on leaving fields blank in the Add Card page"/><testcase name="Validate the message on entering invalid details in the Add Card page"/><testcase name="Validate message on leaving fields blank in the Add Bank page"/><testcase name="Validate message on entering invalid details in the Add Bank page"><error message="Cannot find elements when the XPath is null." type="java.lang.IllegalArgumentException">Cannot find elements when the XPath is null.</error><system-err>Cannot find elements when the XPath is null.&#13;
Reusable_Functions.Generic_functions.click(Generic_functions.java:260)&#13;
Stepdefinitions.Utilities_negative_scenario.invalid_details_add_bank(Utilities_negative_scenario.java:182)&#13;
✽.Enter invalid details in the Add Bank page(file:///C:/Users/Admin/eclipse-workspace/MPH-IOS-Android/src/test/resources/features/Utilities_negative_scenario.feature:22)&#13;
</system-err></testcase><testcase name="Validate award points page"/><testcase name="Validate ID card"/><testcase name="Validate Upload"/></testsuite>