<?xml version="1.0" encoding="UTF-8"?><testsuite errors="1" failures="0" name="Validation on Utilities page negative test cases" skipped="0" tests="5" time="1.48" timestamp="2021-08-26 05:26:03"><testcase name="Navigate to Utilities screen"/><testcase name="Verify that click on all the Tiles in the Utilities dashboard"/><testcase name="Add card details  in the Wallet dashboard"><error type="java.lang.NullPointerException"/><system-err>null&#13;
Reusable_Functions.Generic_functions.page_wait(Generic_functions.java:135)&#13;
Stepdefinition.Utilities_positive_scenarios.user_on_wallet_page(Utilities_positive_scenarios.java:105)&#13;
✽.user is on wallet page(file:///D:/automation/MpoweredHealth_repos/DEvice%20automation/MPH-IOS-ANDROID-4-main/src/test/resources/features/07_Utilities_positive_scenario.feature:14)&#13;
</system-err></testcase><testcase name="Add bank details  in the Wallet dashboard"/><testcase name="Check deactivate tab"/></testsuite>