<?xml version="1.0" encoding="UTF-8"?><testsuite errors="0" failures="0" name="Validation on Sign Up Positive test cases" skipped="1" tests="7" time="2.07" timestamp="2021-08-26 05:25:55"><testcase name="Verify that the browser is lauched.Clicks on the Signup button and navigates to Signup page"/><testcase name="Verify clicking on login link will navigate to login page"/><testcase name="Verify that the data entered in both Password and Confirm password fields are masked"/><testcase name="Verify that the password should be displayed on an eye click for Password fields"/><testcase name="Verify that the Confirm password field by comparing data entered in the Password field"/><testcase name="Verify click on Sign Up with valid credentials"/><testcase name="Verify the scenario when navigate to the otp Login page"><skipped/></testcase></testsuite>