<?xml version="1.0" encoding="UTF-8"?><testsuite errors="1" failures="0" name="Validate Second Opinion Dashboard" skipped="0" tests="5" time="1.43" timestamp="2021-08-26 05:26:10"><testcase name="Validate that the user is able to login with valid credentials"/><testcase name="Validate that the user is able to click on the Second Opinion tab"/><testcase name="Validate that the user is able to click on Resume Cases and is navigated to uplaod scans page"><error message="Cannot find elements when the XPath is null." type="java.lang.IllegalArgumentException">Cannot find elements when the XPath is null.</error><system-err>Cannot find elements when the XPath is null.&#13;
Stepdefinition.Second_opinion_dashboard_positive_scenarios.navigate_SwitchToWeb(Second_opinion_dashboard_positive_scenarios.java:102)&#13;
✽.navigated to switch to web alert(file:///D:/automation/MpoweredHealth_repos/DEvice%20automation/MPH-IOS-ANDROID-4-main/src/test/resources/features/11_Second_opinion_dashboard_positive_scenarios.feature:15)&#13;
</system-err></testcase><testcase name="Validate that User is able to click on Requested tab"/><testcase name="Validate that User is able to click on Reviewed tab"/></testsuite>