<?xml version="1.0" encoding="UTF-8"?><testsuite errors="0" failures="0" name="Validation on Home Page" skipped="0" tests="5" time="44.53" timestamp="2021-08-04 08:08:56"><testcase name="Validate that the user is navigated to Welcome page"/><testcase name="Validate that the user is able to Login with valid data"/><testcase name="Validate that the user is in Home page"/><testcase name="Validate that the user is navigated to the Second Opinion page on clicking 'Request for second opinion' button"/><testcase name="Validate that the user is navigated to the  Refer a friend page on clicking 'Refer a friend' button"/></testsuite>