<?xml version="1.0" encoding="UTF-8"?><testsuite errors="1" failures="0" name="User should be able to click on the Utilities tab and able to use all the services under Utilities" skipped="0" tests="8" time="2.08" timestamp="2021-08-26 05:26:11"><testcase name="Validate the navigation to Utilities screen"/><testcase name="Validate the message on leaving fields blank in the Add Card page"/><testcase name="Validate the message on entering invalid details in the Add Card page"/><testcase name="Validate message on leaving fields blank in the Add Bank page"/><testcase name="Validate message on entering invalid details in the Add Bank page"><error type="java.lang.NullPointerException"/><system-err>null&#13;
Reusable_Functions.Generic_functions.click(Generic_functions.java:263)&#13;
Stepdefinition.Utilities_negative_scenario.invalid_details_add_bank(Utilities_negative_scenario.java:177)&#13;
✽.Enter invalid details in the Add Bank page(file:///D:/automation/MpoweredHealth_repos/DEvice%20automation/MPH-IOS-ANDROID-4-main/src/test/resources/features/12_Utilities_negative_scenario.feature:22)&#13;
</system-err></testcase><testcase name="Validate award points page"/><testcase name="Validate ID card"/><testcase name="Validate Upload"/></testsuite>