<?xml version="1.0" encoding="UTF-8"?><testsuite errors="1" failures="0" name="Validation on Award Points Page" skipped="0" tests="5" time="1.61" timestamp="2021-08-26 05:26:04"><testcase name="Validate navigation to award points page"/><testcase name="Verify the validation message on entering amount more than the available amount in &quot;Redeem Award Points&quot; page"/><testcase name="Validate the validation message on entering amount less than the available amount in &quot;Redeem Award Points&quot; page"/><testcase name="Unable to click on the 'Redeem' button on leaving the field 'Select a gift card' blank&quot;"/><testcase name="Unable to click on the 'Redeem' button on leaving the field 'Enter Amount' blank on &quot;Redeem Award Points&quot; page"><error type="java.lang.NullPointerException"/><system-err>null&#13;
Reusable_Functions.Generic_functions.close(Generic_functions.java:273)&#13;
Stepdefinition.Award_points_negative_scenarios.Award_point_negative_tc_004(Award_points_negative_scenarios.java:211)&#13;
✽.Validate the message displayed(file:///D:/automation/MpoweredHealth_repos/DEvice%20automation/MPH-IOS-ANDROID-4-main/src/test/resources/features/08_Award_points_negative_scenario.feature:27)&#13;
</system-err></testcase></testsuite>