<?xml version="1.0" encoding="UTF-8"?><testsuite errors="0" failures="0" name="User must click on the Award Point and navigated to the Reddemed award points page" skipped="0" tests="4" time="0.85" timestamp="2021-08-26 05:26:06"><testcase name="Validate navigation to utility page"/><testcase name="Validate Tile &quot;Award Points&quot;in the Utilities dashboard"/><testcase name="Validate the Redeem points  in the Award points dashboard."/><testcase name="Validate the navigation to the redeemed page"/></testsuite>