<?xml version="1.0" encoding="UTF-8"?><testsuite errors="10" failures="0" name="Verify the header page positive scenarios" skipped="0" tests="11" time="2.09" timestamp="2021-08-26 05:26:00"><testcase name="Validate that the mpowered health logo/hamburger in the header"/><testcase name="Validation of the Drop down tab"><error type="java.lang.NullPointerException"/><system-err>null&#13;
Stepdefinition.Header_positive_scenario.verify_dropdown_options(Header_positive_scenario.java:65)&#13;
✽.Verify the drop down options(file:///D:/automation/MpoweredHealth_repos/DEvice%20automation/MPH-IOS-ANDROID-4-main/src/test/resources/features/06_Header_positive_scenario.feature:10)&#13;
</system-err></testcase><testcase name="Validate profile page on clicking  Your profile tab"><error type="java.lang.NullPointerException"/><system-err>null&#13;
Reusable_Functions.Generic_functions.click(Generic_functions.java:263)&#13;
Stepdefinition.Header_positive_scenario.click_your_profile(Header_positive_scenario.java:72)&#13;
✽.click on  Your profile(file:///D:/automation/MpoweredHealth_repos/DEvice%20automation/MPH-IOS-ANDROID-4-main/src/test/resources/features/06_Header_positive_scenario.feature:13)&#13;
</system-err></testcase><testcase name="Validate  Your ratings dashboard"><error type="java.lang.NullPointerException"/><system-err>null&#13;
Reusable_Functions.Generic_functions.page_wait(Generic_functions.java:135)&#13;
Stepdefinition.Header_positive_scenario.click_your_ratings(Header_positive_scenario.java:91)&#13;
✽.click on  Your ratings(file:///D:/automation/MpoweredHealth_repos/DEvice%20automation/MPH-IOS-ANDROID-4-main/src/test/resources/features/06_Header_positive_scenario.feature:18)&#13;
</system-err></testcase><testcase name="Validate the alerts page"><error type="java.lang.NullPointerException"/><system-err>null&#13;
Reusable_Functions.Generic_functions.page_wait(Generic_functions.java:135)&#13;
Stepdefinition.Header_positive_scenario.click_alerts_icon(Header_positive_scenario.java:111)&#13;
✽.Click on Your alerts icon(file:///D:/automation/MpoweredHealth_repos/DEvice%20automation/MPH-IOS-ANDROID-4-main/src/test/resources/features/06_Header_positive_scenario.feature:23)&#13;
</system-err></testcase><testcase name="Validate Help or FAQ  page"><error type="java.lang.NullPointerException"/><system-err>null&#13;
Reusable_Functions.Generic_functions.page_wait(Generic_functions.java:135)&#13;
Stepdefinition.Header_positive_scenario.click_help_icon(Header_positive_scenario.java:130)&#13;
✽.click on Help icon(file:///D:/automation/MpoweredHealth_repos/DEvice%20automation/MPH-IOS-ANDROID-4-main/src/test/resources/features/06_Header_positive_scenario.feature:28)&#13;
</system-err></testcase><testcase name="Validate  Privacy Policy dialogue box on clicking on the Privacy Policy"><error type="java.lang.NullPointerException"/><system-err>null&#13;
Reusable_Functions.Generic_functions.page_wait(Generic_functions.java:135)&#13;
Stepdefinition.Header_positive_scenario.click_privacy_policy(Header_positive_scenario.java:190)&#13;
✽.click on  Privacy Policy(file:///D:/automation/MpoweredHealth_repos/DEvice%20automation/MPH-IOS-ANDROID-4-main/src/test/resources/features/06_Header_positive_scenario.feature:33)&#13;
</system-err></testcase><testcase name="Validate Terms &amp; Conditions dialogue box on clicking on the Terms &amp; Conditions"><error type="java.lang.NullPointerException"/><system-err>null&#13;
Reusable_Functions.Generic_functions.page_wait(Generic_functions.java:135)&#13;
Stepdefinition.Header_positive_scenario.click_terms_conditions(Header_positive_scenario.java:209)&#13;
✽.click on  Terms &amp; Conditions(file:///D:/automation/MpoweredHealth_repos/DEvice%20automation/MPH-IOS-ANDROID-4-main/src/test/resources/features/06_Header_positive_scenario.feature:37)&#13;
</system-err></testcase><testcase name="Validate the Contact Us page"><error type="java.lang.NullPointerException"/><system-err>null&#13;
Reusable_Functions.Generic_functions.page_wait(Generic_functions.java:135)&#13;
Stepdefinition.Header_positive_scenario.click_contact_us(Header_positive_scenario.java:149)&#13;
✽.click on  Contact Us(file:///D:/automation/MpoweredHealth_repos/DEvice%20automation/MPH-IOS-ANDROID-4-main/src/test/resources/features/06_Header_positive_scenario.feature:41)&#13;
</system-err></testcase><testcase name="Validate that the user is navigated to the Feedback Port   page  on clicking Feedback"><error type="java.lang.NullPointerException"/><system-err>null&#13;
Reusable_Functions.Generic_functions.page_wait(Generic_functions.java:135)&#13;
Stepdefinition.Header_positive_scenario.click_feedback(Header_positive_scenario.java:235)&#13;
✽.click on  Feedback(file:///D:/automation/MpoweredHealth_repos/DEvice%20automation/MPH-IOS-ANDROID-4-main/src/test/resources/features/06_Header_positive_scenario.feature:45)&#13;
</system-err></testcase><testcase name="Validate the Landing page on clicking Log out icon"><error type="java.lang.NullPointerException"/><system-err>null&#13;
Stepdefinition.Header_positive_scenario.verify_landing_page(Header_positive_scenario.java:298)&#13;
✽.Verify navigation to the Landing  page(file:///D:/automation/MpoweredHealth_repos/DEvice%20automation/MPH-IOS-ANDROID-4-main/src/test/resources/features/06_Header_positive_scenario.feature:51)&#13;
</system-err></testcase></testsuite>