<?xml version="1.0" encoding="UTF-8"?><testsuite errors="0" failures="1" name="Validation on Award Points Page" skipped="0" tests="2" time="39.41" timestamp="2021-08-03 12:59:27"><testcase name="Validate navigation to award points page"/><testcase name="Verify the validation message on entering amount more than the available amount in &quot;Redeem Award Points&quot; page"><failure message="expected:&lt;Amount [is too less]&gt; but was:&lt;Amount [exceeds range]&gt;" type="java.lang.AssertionError">expected:&lt;Amount [is too less]&gt; but was:&lt;Amount [exceeds range]&gt;</failure><system-err>expected:&lt;Amount [is too less]&gt; but was:&lt;Amount [exceeds range]&gt;&#13;
Stepdefinitions.Award_points_negative_scenarios.Award_point_negative(Award_points_negative_scenarios.java:121)&#13;
✽.Validate the message on award points page(file:///C:/Users/Admin/eclipse-workspace/MPH-IOS-Android/src/test/resources/features/Award_points_negative_scenario.feature:14)&#13;
</system-err></testcase></testsuite>