<?xml version="1.0" encoding="UTF-8"?><testsuite errors="0" failures="0" name="Validate login negative functionality" skipped="0" tests="4" time="44.33" timestamp="2021-08-02 09:09:58"><testcase name="Validate that the user is not allowed to login when Phone number and Password fields are blank"/><testcase name="Validate that the user should get a validation message on entering invalid credentials in the 'Login' Page"/><testcase name="Validate that the user is not allowed to login with invalid 'Phone number' and valid 'Password'"/><testcase name="Validate that the user is not allowed to login with invalid Password and valid phone number"/></testsuite>