<?xml version="1.0" encoding="UTF-8"?><testsuite errors="0" failures="0" name="Validate login positive functionality" skipped="0" tests="6" time="44.41" timestamp="2021-08-02 09:11:13"><testcase name="Validate that the 'Phone number' field is prefixed with +1 country code"/><testcase name="Validate that the user is able to click on the 'Forgot password?' link"/><testcase name="Validate that the user is able click on the 'Sign up' link"/><testcase name="Validate that the user is able to enter  the password in the 'Password' field"/><testcase name="Validate that the user is able to Login"/><testcase name="Validate that the user is navigated to Landing page on clicking the Log out option"/></testsuite>