<?xml version="1.0" encoding="UTF-8"?><testsuite errors="10" failures="0" name="Validation on Sign Up Page negative test case" skipped="0" tests="12" time="3.18" timestamp="2021-08-26 05:25:52"><testcase name="Verify the scenario when entered invalid firstname and lastname"><error type="java.lang.NullPointerException"/><system-err>null&#13;
Reusable_Functions.Generic_functions.click(Generic_functions.java:263)&#13;
Stepdefinition.Signup_negative_scenario.signup_negative_validation_msg(Signup_negative_scenario.java:50)&#13;
✽.Verify the validation message(file:///D:/automation/MpoweredHealth_repos/DEvice%20automation/MPH-IOS-ANDROID-4-main/src/test/resources/features/02_Signup_negative_scenario.feature:7)&#13;
</system-err></testcase><testcase name="Verify the scenario when entered invalid 'Email ID'"><error type="java.lang.NullPointerException"/><system-err>null&#13;
Reusable_Functions.Generic_functions.click(Generic_functions.java:263)&#13;
Stepdefinition.Signup_negative_scenario.signup_negative_validation_msg(Signup_negative_scenario.java:50)&#13;
✽.Verify the validation message(file:///D:/automation/MpoweredHealth_repos/DEvice%20automation/MPH-IOS-ANDROID-4-main/src/test/resources/features/02_Signup_negative_scenario.feature:11)&#13;
</system-err></testcase><testcase name="Verify the scenario when blank 'Email ID' field"><error type="java.lang.NullPointerException"/><system-err>null&#13;
Reusable_Functions.Generic_functions.click(Generic_functions.java:263)&#13;
Stepdefinition.Signup_negative_scenario.signup_negative_validation_msg(Signup_negative_scenario.java:50)&#13;
✽.Verify the validation message(file:///D:/automation/MpoweredHealth_repos/DEvice%20automation/MPH-IOS-ANDROID-4-main/src/test/resources/features/02_Signup_negative_scenario.feature:15)&#13;
</system-err></testcase><testcase name="Verify the scenario when entering less than 10 digits in the 'Phone number' field"><error type="java.lang.NullPointerException"/><system-err>null&#13;
Reusable_Functions.Generic_functions.click(Generic_functions.java:263)&#13;
Stepdefinition.Signup_negative_scenario.signup_negative_validation_msg(Signup_negative_scenario.java:50)&#13;
✽.Verify the validation message(file:///D:/automation/MpoweredHealth_repos/DEvice%20automation/MPH-IOS-ANDROID-4-main/src/test/resources/features/02_Signup_negative_scenario.feature:19)&#13;
</system-err></testcase><testcase name="Verify the scenario when entering more than 10 digits in 'Phone number' field"><error type="java.lang.NullPointerException"/><system-err>null&#13;
Reusable_Functions.Generic_functions.click(Generic_functions.java:263)&#13;
Stepdefinition.Signup_negative_scenario.signup_negative_validation_msg(Signup_negative_scenario.java:50)&#13;
✽.Verify the validation message(file:///D:/automation/MpoweredHealth_repos/DEvice%20automation/MPH-IOS-ANDROID-4-main/src/test/resources/features/02_Signup_negative_scenario.feature:23)&#13;
</system-err></testcase><testcase name="Verify the scenario when entering already registered phone number"><error type="java.lang.NullPointerException"/><system-err>null&#13;
Reusable_Functions.Generic_functions.click(Generic_functions.java:263)&#13;
Stepdefinition.Signup_negative_scenario.signup_negative_validation_msg(Signup_negative_scenario.java:50)&#13;
✽.Verify the validation message(file:///D:/automation/MpoweredHealth_repos/DEvice%20automation/MPH-IOS-ANDROID-4-main/src/test/resources/features/02_Signup_negative_scenario.feature:27)&#13;
</system-err></testcase><testcase name="Verify the scenario when blank 'Password' field"><error type="java.lang.NullPointerException"/><system-err>null&#13;
Reusable_Functions.Generic_functions.click(Generic_functions.java:263)&#13;
Stepdefinition.Signup_negative_scenario.signup_negative_validation_msg(Signup_negative_scenario.java:50)&#13;
✽.Verify the validation message(file:///D:/automation/MpoweredHealth_repos/DEvice%20automation/MPH-IOS-ANDROID-4-main/src/test/resources/features/02_Signup_negative_scenario.feature:31)&#13;
</system-err></testcase><testcase name="Verify the scenario when password strength message and progress bar is displayed while entering password in 'Password' field"><error type="java.lang.NullPointerException"/><system-err>null&#13;
Reusable_Functions.Generic_functions.click(Generic_functions.java:263)&#13;
Stepdefinition.Signup_negative_scenario.signup_negative_validation_msg(Signup_negative_scenario.java:50)&#13;
✽.Verify the validation message(file:///D:/automation/MpoweredHealth_repos/DEvice%20automation/MPH-IOS-ANDROID-4-main/src/test/resources/features/02_Signup_negative_scenario.feature:35)&#13;
</system-err></testcase><testcase name="Verify the scenario when entering different data in 'Password' and 'Confirm Password'"><error type="java.lang.NullPointerException"/><system-err>null&#13;
Reusable_Functions.Generic_functions.click(Generic_functions.java:263)&#13;
Stepdefinition.Signup_negative_scenario.signup_negative_validation_msg(Signup_negative_scenario.java:50)&#13;
✽.Verify the validation message(file:///D:/automation/MpoweredHealth_repos/DEvice%20automation/MPH-IOS-ANDROID-4-main/src/test/resources/features/02_Signup_negative_scenario.feature:39)&#13;
</system-err></testcase><testcase name="Validate the 'Apply' button disabled when Referral code field is blank"/><testcase name="Validate that the user should get a validation message on entering invalid referral code"><error type="java.lang.NullPointerException"/><system-err>null&#13;
Reusable_Functions.Generic_functions.click(Generic_functions.java:263)&#13;
Stepdefinition.Signup_negative_scenario.signup_negative_validation_msg(Signup_negative_scenario.java:50)&#13;
✽.Verify the validation message(file:///D:/automation/MpoweredHealth_repos/DEvice%20automation/MPH-IOS-ANDROID-4-main/src/test/resources/features/02_Signup_negative_scenario.feature:47)&#13;
</system-err></testcase><testcase name="Verify the scenario when 'Sign Up' button is disabled  when 'Terms &amp; Conditions' is unchecked"/></testsuite>