<?xml version="1.0" encoding="UTF-8"?><testsuite errors="1" failures="0" name="Validate login negative functionality" skipped="0" tests="4" time="1.21" timestamp="2021-08-26 05:25:58"><testcase name="Validate that the user is not allowed to login when Phone number and Password fields are blank"><error type="java.lang.NullPointerException"/><system-err>null&#13;
Reusable_Functions.Generic_functions.app_launch(Generic_functions.java:78)&#13;
Stepdefinition.Login_negative_scenario.browser_launching(Login_negative_scenario.java:18)&#13;
✽.launch URL(file:///D:/automation/MpoweredHealth_repos/DEvice%20automation/MPH-IOS-ANDROID-4-main/src/test/resources/features/04_Login_negative_scenario.feature:5)&#13;
</system-err></testcase><testcase name="Validate that the user should get a validation message on entering invalid credentials in the 'Login' Page"/><testcase name="Validate that the user is not allowed to login with invalid 'Phone number' and valid 'Password'"/><testcase name="Validate that the user is not allowed to login with invalid Password and valid phone number"/></testsuite>