<?xml version="1.0" encoding="UTF-8"?><testsuite errors="0" failures="0" name="Validation on Sign Up Page negative test case" skipped="0" tests="12" time="99.48" timestamp="2021-08-25 09:27:07"><testcase name="Verify the scenario when entered invalid firstname and lastname"/><testcase name="Verify the scenario when entered invalid 'Email ID'"/><testcase name="Verify the scenario when blank 'Email ID' field"/><testcase name="Verify the scenario when entering less than 10 digits in the 'Phone number' field"/><testcase name="Verify the scenario when entering more than 10 digits in 'Phone number' field"/><testcase name="Verify the scenario when entering already registered phone number"/><testcase name="Verify the scenario when blank 'Password' field"/><testcase name="Verify the scenario when password strength message and progress bar is displayed while entering password in 'Password' field"/><testcase name="Verify the scenario when entering different data in 'Password' and 'Confirm Password'"/><testcase name="Validate the 'Apply' button disabled when Referral code field is blank"/><testcase name="Validate that the user should get a validation message on entering invalid referral code"/><testcase name="Verify the scenario when 'Sign Up' button is disabled  when 'Terms &amp; Conditions' is unchecked"/></testsuite>